{"C:\\Users\\Usuário\\Desktop\\Nova pasta (2)\\CompassUOL-Challenge3-Furniro\\src\\App.tsx": {"path":"C:\\Users\\Usuário\\Desktop\\Nova pasta (2)\\CompassUOL-Challenge3-Furniro\\src\\App.tsx","statementMap":{"0":{"start":{"line":8,"column":17},"end":{"line":8,"column":64}},"1":{"start":{"line":8,"column":28},"end":{"line":8,"column":63}},"2":{"start":{"line":9,"column":13},"end":{"line":9,"column":52}},"3":{"start":{"line":9,"column":24},"end":{"line":9,"column":51}},"4":{"start":{"line":10,"column":21},"end":{"line":10,"column":72}},"5":{"start":{"line":10,"column":32},"end":{"line":10,"column":71}},"6":{"start":{"line":11,"column":16},"end":{"line":11,"column":61}},"7":{"start":{"line":11,"column":27},"end":{"line":11,"column":60}},"8":{"start":{"line":12,"column":17},"end":{"line":12,"column":60}},"9":{"start":{"line":12,"column":28},"end":{"line":12,"column":59}},"10":{"start":{"line":13,"column":22},"end":{"line":15,"column":1}},"11":{"start":{"line":14,"column":8},"end":{"line":14,"column":54}},"12":{"start":{"line":16,"column":20},"end":{"line":16,"column":73}},"13":{"start":{"line":16,"column":31},"end":{"line":16,"column":72}},"14":{"start":{"line":19,"column":2},"end":{"line":19,"column":21}},"15":{"start":{"line":20,"column":32},"end":{"line":20,"column":46}},"16":{"start":{"line":22,"column":2},"end":{"line":28,"column":9}},"17":{"start":{"line":23,"column":4},"end":{"line":23,"column":21}},"18":{"start":{"line":24,"column":18},"end":{"line":26,"column":12}},"19":{"start":{"line":25,"column":6},"end":{"line":25,"column":24}},"20":{"start":{"line":27,"column":4},"end":{"line":27,"column":37}},"21":{"start":{"line":27,"column":17},"end":{"line":27,"column":36}},"22":{"start":{"line":30,"column":2},"end":{"line":41,"column":3}},"23":{"start":{"line":31,"column":4},"end":{"line":40,"column":6}},"24":{"start":{"line":43,"column":2},"end":{"line":85,"column":4}}},"fnMap":{"0":{"name":"(anonymous_0)","decl":{"start":{"line":8,"column":22},"end":{"line":8,"column":23}},"loc":{"start":{"line":8,"column":28},"end":{"line":8,"column":63}},"line":8},"1":{"name":"(anonymous_1)","decl":{"start":{"line":9,"column":18},"end":{"line":9,"column":19}},"loc":{"start":{"line":9,"column":24},"end":{"line":9,"column":51}},"line":9},"2":{"name":"(anonymous_2)","decl":{"start":{"line":10,"column":26},"end":{"line":10,"column":27}},"loc":{"start":{"line":10,"column":32},"end":{"line":10,"column":71}},"line":10},"3":{"name":"(anonymous_3)","decl":{"start":{"line":11,"column":21},"end":{"line":11,"column":22}},"loc":{"start":{"line":11,"column":27},"end":{"line":11,"column":60}},"line":11},"4":{"name":"(anonymous_4)","decl":{"start":{"line":12,"column":22},"end":{"line":12,"column":23}},"loc":{"start":{"line":12,"column":28},"end":{"line":12,"column":59}},"line":12},"5":{"name":"(anonymous_5)","decl":{"start":{"line":14,"column":2},"end":{"line":14,"column":3}},"loc":{"start":{"line":14,"column":8},"end":{"line":14,"column":54}},"line":14},"6":{"name":"(anonymous_6)","decl":{"start":{"line":16,"column":25},"end":{"line":16,"column":26}},"loc":{"start":{"line":16,"column":31},"end":{"line":16,"column":72}},"line":16},"7":{"name":"App","decl":{"start":{"line":18,"column":9},"end":{"line":18,"column":12}},"loc":{"start":{"line":18,"column":15},"end":{"line":86,"column":1}},"line":18},"8":{"name":"(anonymous_8)","decl":{"start":{"line":22,"column":12},"end":{"line":22,"column":13}},"loc":{"start":{"line":22,"column":18},"end":{"line":28,"column":3}},"line":22},"9":{"name":"(anonymous_9)","decl":{"start":{"line":24,"column":29},"end":{"line":24,"column":30}},"loc":{"start":{"line":24,"column":35},"end":{"line":26,"column":5}},"line":24},"10":{"name":"(anonymous_10)","decl":{"start":{"line":27,"column":11},"end":{"line":27,"column":12}},"loc":{"start":{"line":27,"column":17},"end":{"line":27,"column":36}},"line":27}},"branchMap":{"0":{"loc":{"start":{"line":30,"column":2},"end":{"line":41,"column":3}},"type":"if","locations":[{"start":{"line":30,"column":2},"end":{"line":41,"column":3}},{"start":{},"end":{}}],"line":30}},"s":{"0":0,"1":0,"2":0,"3":0,"4":0,"5":0,"6":0,"7":0,"8":0,"9":0,"10":0,"11":0,"12":0,"13":0,"14":0,"15":0,"16":0,"17":0,"18":0,"19":0,"20":0,"21":0,"22":0,"23":0,"24":0},"f":{"0":0,"1":0,"2":0,"3":0,"4":0,"5":0,"6":0,"7":0,"8":0,"9":0,"10":0},"b":{"0":[0,0]}}
,"C:\\Users\\Usuário\\Desktop\\Nova pasta (2)\\CompassUOL-Challenge3-Furniro\\src\\main.tsx": {"path":"C:\\Users\\Usuário\\Desktop\\Nova pasta (2)\\CompassUOL-Challenge3-Furniro\\src\\main.tsx","statementMap":{"0":{"start":{"line":10,"column":24},"end":{"line":10,"column":66}},"1":{"start":{"line":12,"column":0},"end":{"line":14,"column":1}},"2":{"start":{"line":13,"column":2},"end":{"line":13,"column":75}},"3":{"start":{"line":16,"column":0},"end":{"line":24,"column":2}}},"fnMap":{},"branchMap":{"0":{"loc":{"start":{"line":12,"column":0},"end":{"line":14,"column":1}},"type":"if","locations":[{"start":{"line":12,"column":0},"end":{"line":14,"column":1}},{"start":{},"end":{}}],"line":12}},"s":{"0":0,"1":0,"2":0,"3":0},"f":{},"b":{"0":[0,0]}}
,"C:\\Users\\Usuário\\Desktop\\Nova pasta (2)\\CompassUOL-Challenge3-Furniro\\src\\components\\SectionQuality\\SectionQuality.tsx": {"path":"C:\\Users\\Usuário\\Desktop\\Nova pasta (2)\\CompassUOL-Challenge3-Furniro\\src\\components\\SectionQuality\\SectionQuality.tsx","statementMap":{"0":{"start":{"line":3,"column":4},"end":{"line":3,"column":192}},"1":{"start":{"line":5,"column":18},"end":{"line":5,"column":53}},"2":{"start":{"line":7,"column":20},"end":{"line":7,"column":37}},"3":{"start":{"line":9,"column":2},"end":{"line":59,"column":4}}},"fnMap":{"0":{"name":"SectionQuality","decl":{"start":{"line":1,"column":9},"end":{"line":1,"column":23}},"loc":{"start":{"line":1,"column":26},"end":{"line":60,"column":1}},"line":1}},"branchMap":{},"s":{"0":0,"1":0,"2":0,"3":0},"f":{"0":0},"b":{}}
,"C:\\Users\\Usuário\\Desktop\\Nova pasta (2)\\CompassUOL-Challenge3-Furniro\\src\\components\\apiAdress\\AddressForm.tsx": {"path":"C:\\Users\\Usuário\\Desktop\\Nova pasta (2)\\CompassUOL-Challenge3-Furniro\\src\\components\\apiAdress\\AddressForm.tsx","statementMap":{"0":{"start":{"line":10,"column":32},"end":{"line":14,"column":4}},"1":{"start":{"line":15,"column":38},"end":{"line":15,"column":53}},"2":{"start":{"line":17,"column":2},"end":{"line":52,"column":16}},"3":{"start":{"line":18,"column":25},"end":{"line":47,"column":5}},"4":{"start":{"line":19,"column":6},"end":{"line":19,"column":26}},"5":{"start":{"line":20,"column":6},"end":{"line":45,"column":7}},"6":{"start":{"line":21,"column":25},"end":{"line":23,"column":9}},"7":{"start":{"line":24,"column":21},"end":{"line":24,"column":42}},"8":{"start":{"line":25,"column":8},"end":{"line":37,"column":9}},"9":{"start":{"line":26,"column":10},"end":{"line":30,"column":13}},"10":{"start":{"line":32,"column":10},"end":{"line":36,"column":13}},"11":{"start":{"line":39,"column":8},"end":{"line":39,"column":14}},"12":{"start":{"line":40,"column":8},"end":{"line":44,"column":11}},"13":{"start":{"line":46,"column":6},"end":{"line":46,"column":27}},"14":{"start":{"line":49,"column":4},"end":{"line":51,"column":5}},"15":{"start":{"line":50,"column":6},"end":{"line":50,"column":21}},"16":{"start":{"line":54,"column":2},"end":{"line":54,"column":33}}},"fnMap":{"0":{"name":"useAddress","decl":{"start":{"line":9,"column":16},"end":{"line":9,"column":26}},"loc":{"start":{"line":9,"column":44},"end":{"line":55,"column":1}},"line":9},"1":{"name":"(anonymous_1)","decl":{"start":{"line":17,"column":12},"end":{"line":17,"column":13}},"loc":{"start":{"line":17,"column":18},"end":{"line":52,"column":3}},"line":17},"2":{"name":"(anonymous_2)","decl":{"start":{"line":18,"column":25},"end":{"line":18,"column":26}},"loc":{"start":{"line":18,"column":37},"end":{"line":47,"column":5}},"line":18}},"branchMap":{"0":{"loc":{"start":{"line":25,"column":8},"end":{"line":37,"column":9}},"type":"if","locations":[{"start":{"line":25,"column":8},"end":{"line":37,"column":9}},{"start":{"line":31,"column":15},"end":{"line":37,"column":9}}],"line":25},"1":{"loc":{"start":{"line":49,"column":4},"end":{"line":51,"column":5}},"type":"if","locations":[{"start":{"line":49,"column":4},"end":{"line":51,"column":5}},{"start":{},"end":{}}],"line":49}},"s":{"0":0,"1":0,"2":0,"3":0,"4":0,"5":0,"6":0,"7":0,"8":0,"9":0,"10":0,"11":0,"12":0,"13":0,"14":0,"15":0,"16":0},"f":{"0":0,"1":0,"2":0},"b":{"0":[0,0],"1":[0,0]}}
,"C:\\Users\\Usuário\\Desktop\\Nova pasta (2)\\CompassUOL-Challenge3-Furniro\\src\\components\\buttons\\AppButton.tsx": {"path":"C:\\Users\\Usuário\\Desktop\\Nova pasta (2)\\CompassUOL-Challenge3-Furniro\\src\\components\\buttons\\AppButton.tsx","statementMap":{"0":{"start":{"line":22,"column":22},"end":{"line":22,"column":60}},"1":{"start":{"line":23,"column":26},"end":{"line":23,"column":55}},"2":{"start":{"line":25,"column":2},"end":{"line":31,"column":3}},"3":{"start":{"line":26,"column":4},"end":{"line":30,"column":6}},"4":{"start":{"line":33,"column":2},"end":{"line":39,"column":3}},"5":{"start":{"line":34,"column":4},"end":{"line":38,"column":6}},"6":{"start":{"line":41,"column":2},"end":{"line":45,"column":4}}},"fnMap":{"0":{"name":"AppButton","decl":{"start":{"line":13,"column":9},"end":{"line":13,"column":18}},"loc":{"start":{"line":21,"column":19},"end":{"line":46,"column":1}},"line":21}},"branchMap":{"0":{"loc":{"start":{"line":16,"column":2},"end":{"line":16,"column":17}},"type":"default-arg","locations":[{"start":{"line":16,"column":9},"end":{"line":16,"column":17}}],"line":16},"1":{"loc":{"start":{"line":19,"column":2},"end":{"line":19,"column":16}},"type":"default-arg","locations":[{"start":{"line":19,"column":14},"end":{"line":19,"column":16}}],"line":19},"2":{"loc":{"start":{"line":25,"column":2},"end":{"line":31,"column":3}},"type":"if","locations":[{"start":{"line":25,"column":2},"end":{"line":31,"column":3}},{"start":{},"end":{}}],"line":25},"3":{"loc":{"start":{"line":28,"column":9},"end":{"line":28,"column":26}},"type":"binary-expr","locations":[{"start":{"line":28,"column":9},"end":{"line":28,"column":14}},{"start":{"line":28,"column":18},"end":{"line":28,"column":26}}],"line":28},"4":{"loc":{"start":{"line":33,"column":2},"end":{"line":39,"column":3}},"type":"if","locations":[{"start":{"line":33,"column":2},"end":{"line":39,"column":3}},{"start":{},"end":{}}],"line":33},"5":{"loc":{"start":{"line":36,"column":9},"end":{"line":36,"column":26}},"type":"binary-expr","locations":[{"start":{"line":36,"column":9},"end":{"line":36,"column":14}},{"start":{"line":36,"column":18},"end":{"line":36,"column":26}}],"line":36},"6":{"loc":{"start":{"line":43,"column":7},"end":{"line":43,"column":24}},"type":"binary-expr","locations":[{"start":{"line":43,"column":7},"end":{"line":43,"column":12}},{"start":{"line":43,"column":16},"end":{"line":43,"column":24}}],"line":43}},"s":{"0":10,"1":10,"2":10,"3":1,"4":9,"5":1,"6":8},"f":{"0":10},"b":{"0":[4],"1":[0],"2":[1,9],"3":[1,0],"4":[1,8],"5":[1,0],"6":[8,7]},"_coverageSchema":"1a1c01bbd47fc00a2c39e90264f33305004495a9","hash":"11ff0fba76f55250f70c4eef7e518303883d0726"}
,"C:\\Users\\Usuário\\Desktop\\Nova pasta (2)\\CompassUOL-Challenge3-Furniro\\src\\components\\capePages\\PagesCape.tsx": {"path":"C:\\Users\\Usuário\\Desktop\\Nova pasta (2)\\CompassUOL-Challenge3-Furniro\\src\\components\\capePages\\PagesCape.tsx","statementMap":{"0":{"start":{"line":5,"column":2},"end":{"line":19,"column":4}}},"fnMap":{"0":{"name":"CapePages","decl":{"start":{"line":4,"column":9},"end":{"line":4,"column":18}},"loc":{"start":{"line":4,"column":46},"end":{"line":20,"column":1}},"line":4}},"branchMap":{},"s":{"0":0},"f":{"0":0},"b":{}}
,"C:\\Users\\Usuário\\Desktop\\Nova pasta (2)\\CompassUOL-Challenge3-Furniro\\src\\components\\cards\\ConfirmationMessage.tsx": {"path":"C:\\Users\\Usuário\\Desktop\\Nova pasta (2)\\CompassUOL-Challenge3-Furniro\\src\\components\\cards\\ConfirmationMessage.tsx","statementMap":{"0":{"start":{"line":9,"column":2},"end":{"line":12,"column":16}},"1":{"start":{"line":10,"column":18},"end":{"line":10,"column":43}},"2":{"start":{"line":11,"column":4},"end":{"line":11,"column":37}},"3":{"start":{"line":11,"column":17},"end":{"line":11,"column":36}},"4":{"start":{"line":14,"column":2},"end":{"line":18,"column":4}}},"fnMap":{"0":{"name":"ConfirmationMessage","decl":{"start":{"line":8,"column":9},"end":{"line":8,"column":28}},"loc":{"start":{"line":8,"column":77},"end":{"line":19,"column":1}},"line":8},"1":{"name":"(anonymous_1)","decl":{"start":{"line":9,"column":12},"end":{"line":9,"column":13}},"loc":{"start":{"line":9,"column":18},"end":{"line":12,"column":3}},"line":9},"2":{"name":"(anonymous_2)","decl":{"start":{"line":11,"column":11},"end":{"line":11,"column":12}},"loc":{"start":{"line":11,"column":17},"end":{"line":11,"column":36}},"line":11}},"branchMap":{},"s":{"0":0,"1":0,"2":0,"3":0,"4":0},"f":{"0":0,"1":0,"2":0},"b":{}}
,"C:\\Users\\Usuário\\Desktop\\Nova pasta (2)\\CompassUOL-Challenge3-Furniro\\src\\components\\cards\\ModalCard.tsx": {"path":"C:\\Users\\Usuário\\Desktop\\Nova pasta (2)\\CompassUOL-Challenge3-Furniro\\src\\components\\cards\\ModalCard.tsx","statementMap":{"0":{"start":{"line":23,"column":50},"end":{"line":23,"column":65}},"1":{"start":{"line":24,"column":56},"end":{"line":24,"column":68}},"2":{"start":{"line":25,"column":19},"end":{"line":25,"column":32}},"3":{"start":{"line":26,"column":20},"end":{"line":26,"column":75}},"4":{"start":{"line":26,"column":54},"end":{"line":26,"column":74}},"5":{"start":{"line":27,"column":19},"end":{"line":27,"column":47}},"6":{"start":{"line":29,"column":26},"end":{"line":56,"column":36}},"7":{"start":{"line":30,"column":29},"end":{"line":30,"column":77}},"8":{"start":{"line":30,"column":54},"end":{"line":30,"column":76}},"9":{"start":{"line":31,"column":31},"end":{"line":33,"column":5}},"10":{"start":{"line":32,"column":16},"end":{"line":32,"column":42}},"11":{"start":{"line":35,"column":4},"end":{"line":55,"column":5}},"12":{"start":{"line":36,"column":6},"end":{"line":36,"column":63}},"13":{"start":{"line":37,"column":6},"end":{"line":37,"column":32}},"14":{"start":{"line":39,"column":23},"end":{"line":42,"column":7}},"15":{"start":{"line":44,"column":6},"end":{"line":44,"column":40}},"16":{"start":{"line":45,"column":6},"end":{"line":45,"column":55}},"17":{"start":{"line":46,"column":6},"end":{"line":46,"column":32}},"18":{"start":{"line":48,"column":6},"end":{"line":54,"column":25}},"19":{"start":{"line":58,"column":22},"end":{"line":61,"column":15}},"20":{"start":{"line":59,"column":4},"end":{"line":59,"column":31}},"21":{"start":{"line":60,"column":4},"end":{"line":60,"column":14}},"22":{"start":{"line":63,"column":28},"end":{"line":65,"column":18}},"23":{"start":{"line":64,"column":4},"end":{"line":64,"column":59}},"24":{"start":{"line":67,"column":2},"end":{"line":81,"column":16}},"25":{"start":{"line":68,"column":31},"end":{"line":75,"column":5}},"26":{"start":{"line":69,"column":6},"end":{"line":74,"column":7}},"27":{"start":{"line":73,"column":8},"end":{"line":73,"column":18}},"28":{"start":{"line":77,"column":4},"end":{"line":77,"column":63}},"29":{"start":{"line":78,"column":4},"end":{"line":80,"column":6}},"30":{"start":{"line":79,"column":6},"end":{"line":79,"column":68}},"31":{"start":{"line":83,"column":2},"end":{"line":83,"column":27}},"32":{"start":{"line":83,"column":15},"end":{"line":83,"column":27}},"33":{"start":{"line":85,"column":2},"end":{"line":145,"column":4}}},"fnMap":{"0":{"name":"ModalCard","decl":{"start":{"line":22,"column":9},"end":{"line":22,"column":18}},"loc":{"start":{"line":22,"column":56},"end":{"line":146,"column":1}},"line":22},"1":{"name":"(anonymous_1)","decl":{"start":{"line":26,"column":32},"end":{"line":26,"column":33}},"loc":{"start":{"line":26,"column":54},"end":{"line":26,"column":74}},"line":26},"2":{"name":"(anonymous_2)","decl":{"start":{"line":29,"column":38},"end":{"line":29,"column":39}},"loc":{"start":{"line":29,"column":44},"end":{"line":56,"column":3}},"line":29},"3":{"name":"(anonymous_3)","decl":{"start":{"line":30,"column":44},"end":{"line":30,"column":45}},"loc":{"start":{"line":30,"column":54},"end":{"line":30,"column":76}},"line":30},"4":{"name":"(anonymous_4)","decl":{"start":{"line":32,"column":6},"end":{"line":32,"column":7}},"loc":{"start":{"line":32,"column":16},"end":{"line":32,"column":42}},"line":32},"5":{"name":"(anonymous_5)","decl":{"start":{"line":54,"column":15},"end":{"line":54,"column":16}},"loc":{"start":{"line":54,"column":21},"end":{"line":54,"column":23}},"line":54},"6":{"name":"(anonymous_6)","decl":{"start":{"line":58,"column":34},"end":{"line":58,"column":35}},"loc":{"start":{"line":58,"column":40},"end":{"line":61,"column":3}},"line":58},"7":{"name":"(anonymous_7)","decl":{"start":{"line":63,"column":40},"end":{"line":63,"column":41}},"loc":{"start":{"line":63,"column":46},"end":{"line":65,"column":3}},"line":63},"8":{"name":"(anonymous_8)","decl":{"start":{"line":67,"column":12},"end":{"line":67,"column":13}},"loc":{"start":{"line":67,"column":18},"end":{"line":81,"column":3}},"line":67},"9":{"name":"(anonymous_9)","decl":{"start":{"line":68,"column":31},"end":{"line":68,"column":32}},"loc":{"start":{"line":68,"column":54},"end":{"line":75,"column":5}},"line":68},"10":{"name":"(anonymous_10)","decl":{"start":{"line":78,"column":11},"end":{"line":78,"column":12}},"loc":{"start":{"line":78,"column":17},"end":{"line":80,"column":5}},"line":78}},"branchMap":{"0":{"loc":{"start":{"line":35,"column":4},"end":{"line":55,"column":5}},"type":"if","locations":[{"start":{"line":35,"column":4},"end":{"line":55,"column":5}},{"start":{"line":38,"column":11},"end":{"line":55,"column":5}}],"line":35},"1":{"loc":{"start":{"line":35,"column":8},"end":{"line":35,"column":46}},"type":"binary-expr","locations":[{"start":{"line":35,"column":8},"end":{"line":35,"column":24}},{"start":{"line":35,"column":28},"end":{"line":35,"column":46}}],"line":35},"2":{"loc":{"start":{"line":69,"column":6},"end":{"line":74,"column":7}},"type":"if","locations":[{"start":{"line":69,"column":6},"end":{"line":74,"column":7}},{"start":{},"end":{}}],"line":69},"3":{"loc":{"start":{"line":70,"column":8},"end":{"line":71,"column":56}},"type":"binary-expr","locations":[{"start":{"line":70,"column":8},"end":{"line":70,"column":24}},{"start":{"line":71,"column":8},"end":{"line":71,"column":56}}],"line":70},"4":{"loc":{"start":{"line":83,"column":2},"end":{"line":83,"column":27}},"type":"if","locations":[{"start":{"line":83,"column":2},"end":{"line":83,"column":27}},{"start":{},"end":{}}],"line":83},"5":{"loc":{"start":{"line":137,"column":9},"end":{"line":142,"column":9}},"type":"binary-expr","locations":[{"start":{"line":137,"column":9},"end":{"line":137,"column":25}},{"start":{"line":138,"column":10},"end":{"line":141,"column":12}}],"line":137}},"s":{"0":0,"1":0,"2":0,"3":0,"4":0,"5":0,"6":0,"7":0,"8":0,"9":0,"10":0,"11":0,"12":0,"13":0,"14":0,"15":0,"16":0,"17":0,"18":0,"19":0,"20":0,"21":0,"22":0,"23":0,"24":0,"25":0,"26":0,"27":0,"28":0,"29":0,"30":0,"31":0,"32":0,"33":0},"f":{"0":0,"1":0,"2":0,"3":0,"4":0,"5":0,"6":0,"7":0,"8":0,"9":0,"10":0},"b":{"0":[0,0],"1":[0,0],"2":[0,0],"3":[0,0],"4":[0,0],"5":[0,0]}}
,"C:\\Users\\Usuário\\Desktop\\Nova pasta (2)\\CompassUOL-Challenge3-Furniro\\src\\components\\cards\\ProductCards.tsx": {"path":"C:\\Users\\Usuário\\Desktop\\Nova pasta (2)\\CompassUOL-Challenge3-Furniro\\src\\components\\cards\\ProductCards.tsx","statementMap":{"0":{"start":{"line":18,"column":40},"end":{"line":18,"column":55}},"1":{"start":{"line":20,"column":26},"end":{"line":22,"column":8}},"2":{"start":{"line":21,"column":4},"end":{"line":21,"column":25}},"3":{"start":{"line":24,"column":27},"end":{"line":26,"column":8}},"4":{"start":{"line":25,"column":4},"end":{"line":25,"column":26}},"5":{"start":{"line":28,"column":2},"end":{"line":69,"column":4}}},"fnMap":{"0":{"name":"ProductCard","decl":{"start":{"line":17,"column":9},"end":{"line":17,"column":20}},"loc":{"start":{"line":17,"column":41},"end":{"line":70,"column":1}},"line":17},"1":{"name":"(anonymous_1)","decl":{"start":{"line":20,"column":38},"end":{"line":20,"column":39}},"loc":{"start":{"line":20,"column":44},"end":{"line":22,"column":3}},"line":20},"2":{"name":"(anonymous_2)","decl":{"start":{"line":24,"column":39},"end":{"line":24,"column":40}},"loc":{"start":{"line":24,"column":45},"end":{"line":26,"column":3}},"line":24}},"branchMap":{"0":{"loc":{"start":{"line":32,"column":9},"end":{"line":36,"column":9}},"type":"binary-expr","locations":[{"start":{"line":32,"column":9},"end":{"line":32,"column":29}},{"start":{"line":33,"column":10},"end":{"line":35,"column":17}}],"line":32},"1":{"loc":{"start":{"line":37,"column":9},"end":{"line":41,"column":9}},"type":"binary-expr","locations":[{"start":{"line":37,"column":9},"end":{"line":37,"column":30}},{"start":{"line":38,"column":10},"end":{"line":40,"column":17}}],"line":37},"2":{"loc":{"start":{"line":46,"column":13},"end":{"line":59,"column":13}},"type":"cond-expr","locations":[{"start":{"line":47,"column":14},"end":{"line":54,"column":17}},{"start":{"line":56,"column":14},"end":{"line":58,"column":18}}],"line":46}},"s":{"0":0,"1":0,"2":0,"3":0,"4":0,"5":0},"f":{"0":0,"1":0,"2":0},"b":{"0":[0,0],"1":[0,0],"2":[0,0]}}
,"C:\\Users\\Usuário\\Desktop\\Nova pasta (2)\\CompassUOL-Challenge3-Furniro\\src\\components\\cards\\ProductList.tsx": {"path":"C:\\Users\\Usuário\\Desktop\\Nova pasta (2)\\CompassUOL-Challenge3-Furniro\\src\\components\\cards\\ProductList.tsx","statementMap":{"0":{"start":{"line":22,"column":44},"end":{"line":22,"column":79}},"1":{"start":{"line":24,"column":2},"end":{"line":44,"column":17}},"2":{"start":{"line":25,"column":20},"end":{"line":25,"column":24}},"3":{"start":{"line":27,"column":26},"end":{"line":33,"column":5}},"4":{"start":{"line":28,"column":23},"end":{"line":28,"column":68}},"5":{"start":{"line":29,"column":19},"end":{"line":29,"column":40}},"6":{"start":{"line":30,"column":6},"end":{"line":32,"column":7}},"7":{"start":{"line":31,"column":8},"end":{"line":31,"column":31}},"8":{"start":{"line":35,"column":4},"end":{"line":39,"column":5}},"9":{"start":{"line":36,"column":6},"end":{"line":36,"column":22}},"10":{"start":{"line":38,"column":6},"end":{"line":38,"column":33}},"11":{"start":{"line":41,"column":4},"end":{"line":43,"column":6}},"12":{"start":{"line":42,"column":6},"end":{"line":42,"column":24}},"13":{"start":{"line":46,"column":28},"end":{"line":48,"column":19}},"14":{"start":{"line":50,"column":2},"end":{"line":56,"column":3}},"15":{"start":{"line":51,"column":4},"end":{"line":55,"column":6}},"16":{"start":{"line":58,"column":2},"end":{"line":66,"column":4}},"17":{"start":{"line":61,"column":8},"end":{"line":63,"column":16}}},"fnMap":{"0":{"name":"ProductList","decl":{"start":{"line":21,"column":9},"end":{"line":21,"column":20}},"loc":{"start":{"line":21,"column":60},"end":{"line":67,"column":1}},"line":21},"1":{"name":"(anonymous_1)","decl":{"start":{"line":24,"column":12},"end":{"line":24,"column":13}},"loc":{"start":{"line":24,"column":18},"end":{"line":44,"column":3}},"line":24},"2":{"name":"(anonymous_2)","decl":{"start":{"line":27,"column":26},"end":{"line":27,"column":27}},"loc":{"start":{"line":27,"column":38},"end":{"line":33,"column":5}},"line":27},"3":{"name":"(anonymous_3)","decl":{"start":{"line":41,"column":11},"end":{"line":41,"column":12}},"loc":{"start":{"line":41,"column":17},"end":{"line":43,"column":5}},"line":41},"4":{"name":"(anonymous_4)","decl":{"start":{"line":60,"column":29},"end":{"line":60,"column":30}},"loc":{"start":{"line":61,"column":8},"end":{"line":63,"column":16}},"line":61}},"branchMap":{"0":{"loc":{"start":{"line":22,"column":64},"end":{"line":22,"column":78}},"type":"binary-expr","locations":[{"start":{"line":22,"column":64},"end":{"line":22,"column":72}},{"start":{"line":22,"column":76},"end":{"line":22,"column":78}}],"line":22},"1":{"loc":{"start":{"line":30,"column":6},"end":{"line":32,"column":7}},"type":"if","locations":[{"start":{"line":30,"column":6},"end":{"line":32,"column":7}},{"start":{},"end":{}}],"line":30},"2":{"loc":{"start":{"line":35,"column":4},"end":{"line":39,"column":5}},"type":"if","locations":[{"start":{"line":35,"column":4},"end":{"line":39,"column":5}},{"start":{"line":37,"column":11},"end":{"line":39,"column":5}}],"line":35},"3":{"loc":{"start":{"line":46,"column":28},"end":{"line":48,"column":19}},"type":"cond-expr","locations":[{"start":{"line":47,"column":6},"end":{"line":47,"column":35}},{"start":{"line":48,"column":6},"end":{"line":48,"column":19}}],"line":46},"4":{"loc":{"start":{"line":50,"column":2},"end":{"line":56,"column":3}},"type":"if","locations":[{"start":{"line":50,"column":2},"end":{"line":56,"column":3}},{"start":{},"end":{}}],"line":50},"5":{"loc":{"start":{"line":50,"column":6},"end":{"line":50,"column":50}},"type":"binary-expr","locations":[{"start":{"line":50,"column":6},"end":{"line":50,"column":20}},{"start":{"line":50,"column":24},"end":{"line":50,"column":50}}],"line":50},"6":{"loc":{"start":{"line":61,"column":8},"end":{"line":63,"column":16}},"type":"cond-expr","locations":[{"start":{"line":62,"column":10},"end":{"line":62,"column":75}},{"start":{"line":63,"column":12},"end":{"line":63,"column":16}}],"line":61},"7":{"loc":{"start":{"line":62,"column":28},"end":{"line":62,"column":53}},"type":"binary-expr","locations":[{"start":{"line":62,"column":28},"end":{"line":62,"column":39}},{"start":{"line":62,"column":43},"end":{"line":62,"column":53}}],"line":62}},"s":{"0":0,"1":0,"2":0,"3":0,"4":0,"5":0,"6":0,"7":0,"8":0,"9":0,"10":0,"11":0,"12":0,"13":0,"14":0,"15":0,"16":0,"17":0},"f":{"0":0,"1":0,"2":0,"3":0,"4":0},"b":{"0":[0,0],"1":[0,0],"2":[0,0],"3":[0,0],"4":[0,0],"5":[0,0],"6":[0,0],"7":[0,0]}}
,"C:\\Users\\Usuário\\Desktop\\Nova pasta (2)\\CompassUOL-Challenge3-Furniro\\src\\components\\counter\\CounterCards.tsx": {"path":"C:\\Users\\Usuário\\Desktop\\Nova pasta (2)\\CompassUOL-Challenge3-Furniro\\src\\components\\counter\\CounterCards.tsx","statementMap":{"0":{"start":{"line":14,"column":28},"end":{"line":14,"column":50}},"1":{"start":{"line":15,"column":28},"end":{"line":15,"column":40}},"2":{"start":{"line":16,"column":24},"end":{"line":16,"column":44}},"3":{"start":{"line":18,"column":2},"end":{"line":23,"column":29}},"4":{"start":{"line":19,"column":4},"end":{"line":22,"column":5}},"5":{"start":{"line":20,"column":6},"end":{"line":20,"column":27}},"6":{"start":{"line":21,"column":6},"end":{"line":21,"column":36}},"7":{"start":{"line":25,"column":26},"end":{"line":36,"column":8}},"8":{"start":{"line":26,"column":4},"end":{"line":35,"column":7}},"9":{"start":{"line":27,"column":23},"end":{"line":27,"column":36}},"10":{"start":{"line":28,"column":6},"end":{"line":34,"column":7}},"11":{"start":{"line":29,"column":8},"end":{"line":29,"column":21}},"12":{"start":{"line":30,"column":8},"end":{"line":30,"column":24}},"13":{"start":{"line":32,"column":8},"end":{"line":32,"column":42}},"14":{"start":{"line":33,"column":8},"end":{"line":33,"column":25}},"15":{"start":{"line":38,"column":26},"end":{"line":49,"column":8}},"16":{"start":{"line":39,"column":4},"end":{"line":48,"column":7}},"17":{"start":{"line":40,"column":23},"end":{"line":40,"column":36}},"18":{"start":{"line":41,"column":6},"end":{"line":47,"column":7}},"19":{"start":{"line":42,"column":8},"end":{"line":42,"column":21}},"20":{"start":{"line":43,"column":8},"end":{"line":43,"column":24}},"21":{"start":{"line":45,"column":8},"end":{"line":45,"column":42}},"22":{"start":{"line":46,"column":8},"end":{"line":46,"column":25}},"23":{"start":{"line":51,"column":28},"end":{"line":65,"column":3}},"24":{"start":{"line":53,"column":20},"end":{"line":53,"column":48}},"25":{"start":{"line":54,"column":6},"end":{"line":62,"column":7}},"26":{"start":{"line":55,"column":8},"end":{"line":55,"column":24}},"27":{"start":{"line":56,"column":8},"end":{"line":56,"column":21}},"28":{"start":{"line":57,"column":13},"end":{"line":62,"column":7}},"29":{"start":{"line":58,"column":8},"end":{"line":58,"column":51}},"30":{"start":{"line":59,"column":13},"end":{"line":62,"column":7}},"31":{"start":{"line":60,"column":8},"end":{"line":60,"column":21}},"32":{"start":{"line":61,"column":8},"end":{"line":61,"column":51}},"33":{"start":{"line":67,"column":2},"end":{"line":84,"column":4}}},"fnMap":{"0":{"name":"CounterCards","decl":{"start":{"line":9,"column":9},"end":{"line":9,"column":21}},"loc":{"start":{"line":13,"column":22},"end":{"line":85,"column":1}},"line":13},"1":{"name":"(anonymous_1)","decl":{"start":{"line":18,"column":12},"end":{"line":18,"column":13}},"loc":{"start":{"line":18,"column":18},"end":{"line":23,"column":3}},"line":18},"2":{"name":"(anonymous_2)","decl":{"start":{"line":25,"column":38},"end":{"line":25,"column":39}},"loc":{"start":{"line":25,"column":44},"end":{"line":36,"column":3}},"line":25},"3":{"name":"(anonymous_3)","decl":{"start":{"line":26,"column":13},"end":{"line":26,"column":14}},"loc":{"start":{"line":26,"column":28},"end":{"line":35,"column":5}},"line":26},"4":{"name":"(anonymous_4)","decl":{"start":{"line":38,"column":38},"end":{"line":38,"column":39}},"loc":{"start":{"line":38,"column":44},"end":{"line":49,"column":3}},"line":38},"5":{"name":"(anonymous_5)","decl":{"start":{"line":39,"column":13},"end":{"line":39,"column":14}},"loc":{"start":{"line":39,"column":28},"end":{"line":48,"column":5}},"line":39},"6":{"name":"(anonymous_6)","decl":{"start":{"line":52,"column":4},"end":{"line":52,"column":5}},"loc":{"start":{"line":52,"column":48},"end":{"line":63,"column":5}},"line":52}},"branchMap":{"0":{"loc":{"start":{"line":12,"column":2},"end":{"line":12,"column":16}},"type":"default-arg","locations":[{"start":{"line":12,"column":14},"end":{"line":12,"column":16}}],"line":12},"1":{"loc":{"start":{"line":19,"column":4},"end":{"line":22,"column":5}},"type":"if","locations":[{"start":{"line":19,"column":4},"end":{"line":22,"column":5}},{"start":{},"end":{}}],"line":19},"2":{"loc":{"start":{"line":28,"column":6},"end":{"line":34,"column":7}},"type":"if","locations":[{"start":{"line":28,"column":6},"end":{"line":34,"column":7}},{"start":{"line":31,"column":13},"end":{"line":34,"column":7}}],"line":28},"3":{"loc":{"start":{"line":41,"column":6},"end":{"line":47,"column":7}},"type":"if","locations":[{"start":{"line":41,"column":6},"end":{"line":47,"column":7}},{"start":{"line":44,"column":13},"end":{"line":47,"column":7}}],"line":41},"4":{"loc":{"start":{"line":54,"column":6},"end":{"line":62,"column":7}},"type":"if","locations":[{"start":{"line":54,"column":6},"end":{"line":62,"column":7}},{"start":{"line":57,"column":13},"end":{"line":62,"column":7}}],"line":54},"5":{"loc":{"start":{"line":54,"column":10},"end":{"line":54,"column":52}},"type":"binary-expr","locations":[{"start":{"line":54,"column":10},"end":{"line":54,"column":23}},{"start":{"line":54,"column":27},"end":{"line":54,"column":37}},{"start":{"line":54,"column":41},"end":{"line":54,"column":52}}],"line":54},"6":{"loc":{"start":{"line":57,"column":13},"end":{"line":62,"column":7}},"type":"if","locations":[{"start":{"line":57,"column":13},"end":{"line":62,"column":7}},{"start":{"line":59,"column":13},"end":{"line":62,"column":7}}],"line":57},"7":{"loc":{"start":{"line":57,"column":17},"end":{"line":57,"column":42}},"type":"binary-expr","locations":[{"start":{"line":57,"column":17},"end":{"line":57,"column":29}},{"start":{"line":57,"column":33},"end":{"line":57,"column":42}}],"line":57},"8":{"loc":{"start":{"line":59,"column":13},"end":{"line":62,"column":7}},"type":"if","locations":[{"start":{"line":59,"column":13},"end":{"line":62,"column":7}},{"start":{},"end":{}}],"line":59},"9":{"loc":{"start":{"line":82,"column":7},"end":{"line":82,"column":55}},"type":"binary-expr","locations":[{"start":{"line":82,"column":7},"end":{"line":82,"column":12}},{"start":{"line":82,"column":16},"end":{"line":82,"column":55}}],"line":82}},"s":{"0":0,"1":0,"2":0,"3":0,"4":0,"5":0,"6":0,"7":0,"8":0,"9":0,"10":0,"11":0,"12":0,"13":0,"14":0,"15":0,"16":0,"17":0,"18":0,"19":0,"20":0,"21":0,"22":0,"23":0,"24":0,"25":0,"26":0,"27":0,"28":0,"29":0,"30":0,"31":0,"32":0,"33":0},"f":{"0":0,"1":0,"2":0,"3":0,"4":0,"5":0,"6":0},"b":{"0":[0],"1":[0,0],"2":[0,0],"3":[0,0],"4":[0,0],"5":[0,0,0],"6":[0,0],"7":[0,0],"8":[0,0],"9":[0,0]}}
,"C:\\Users\\Usuário\\Desktop\\Nova pasta (2)\\CompassUOL-Challenge3-Furniro\\src\\components\\footer\\Footer.tsx": {"path":"C:\\Users\\Usuário\\Desktop\\Nova pasta (2)\\CompassUOL-Challenge3-Furniro\\src\\components\\footer\\Footer.tsx","statementMap":{"0":{"start":{"line":9,"column":28},"end":{"line":9,"column":40}},"1":{"start":{"line":10,"column":38},"end":{"line":10,"column":52}},"2":{"start":{"line":11,"column":36},"end":{"line":11,"column":51}},"3":{"start":{"line":14,"column":4},"end":{"line":14,"column":100}},"4":{"start":{"line":15,"column":26},"end":{"line":15,"column":56}},"5":{"start":{"line":16,"column":19},"end":{"line":16,"column":67}},"6":{"start":{"line":18,"column":4},"end":{"line":18,"column":105}},"7":{"start":{"line":20,"column":23},"end":{"line":22,"column":8}},"8":{"start":{"line":21,"column":4},"end":{"line":21,"column":29}},"9":{"start":{"line":24,"column":26},"end":{"line":33,"column":13}},"10":{"start":{"line":26,"column":6},"end":{"line":26,"column":140}},"11":{"start":{"line":27,"column":4},"end":{"line":32,"column":5}},"12":{"start":{"line":28,"column":6},"end":{"line":28,"column":26}},"13":{"start":{"line":29,"column":6},"end":{"line":29,"column":25}},"14":{"start":{"line":31,"column":6},"end":{"line":31,"column":27}},"15":{"start":{"line":35,"column":21},"end":{"line":37,"column":8}},"16":{"start":{"line":36,"column":4},"end":{"line":36,"column":24}},"17":{"start":{"line":39,"column":2},"end":{"line":187,"column":4}}},"fnMap":{"0":{"name":"Footer","decl":{"start":{"line":8,"column":9},"end":{"line":8,"column":15}},"loc":{"start":{"line":8,"column":18},"end":{"line":188,"column":1}},"line":8},"1":{"name":"(anonymous_1)","decl":{"start":{"line":20,"column":35},"end":{"line":20,"column":36}},"loc":{"start":{"line":20,"column":73},"end":{"line":22,"column":3}},"line":20},"2":{"name":"(anonymous_2)","decl":{"start":{"line":24,"column":38},"end":{"line":24,"column":39}},"loc":{"start":{"line":24,"column":44},"end":{"line":33,"column":3}},"line":24},"3":{"name":"(anonymous_3)","decl":{"start":{"line":35,"column":33},"end":{"line":35,"column":34}},"loc":{"start":{"line":35,"column":39},"end":{"line":37,"column":3}},"line":35}},"branchMap":{"0":{"loc":{"start":{"line":27,"column":4},"end":{"line":32,"column":5}},"type":"if","locations":[{"start":{"line":27,"column":4},"end":{"line":32,"column":5}},{"start":{"line":30,"column":11},"end":{"line":32,"column":5}}],"line":27},"1":{"loc":{"start":{"line":145,"column":18},"end":{"line":145,"column":64}},"type":"cond-expr","locations":[{"start":{"line":145,"column":31},"end":{"line":145,"column":45}},{"start":{"line":145,"column":48},"end":{"line":145,"column":64}}],"line":145},"2":{"loc":{"start":{"line":148,"column":15},"end":{"line":150,"column":15}},"type":"binary-expr","locations":[{"start":{"line":148,"column":15},"end":{"line":148,"column":26}},{"start":{"line":149,"column":16},"end":{"line":149,"column":69}}],"line":148},"3":{"loc":{"start":{"line":162,"column":7},"end":{"line":183,"column":7}},"type":"binary-expr","locations":[{"start":{"line":162,"column":7},"end":{"line":162,"column":16}},{"start":{"line":163,"column":8},"end":{"line":182,"column":14}}],"line":162}},"s":{"0":0,"1":0,"2":0,"3":0,"4":0,"5":0,"6":0,"7":0,"8":0,"9":0,"10":0,"11":0,"12":0,"13":0,"14":0,"15":0,"16":0,"17":0},"f":{"0":0,"1":0,"2":0,"3":0},"b":{"0":[0,0],"1":[0,0],"2":[0,0],"3":[0,0]}}
,"C:\\Users\\Usuário\\Desktop\\Nova pasta (2)\\CompassUOL-Challenge3-Furniro\\src\\components\\header\\Header.tsx": {"path":"C:\\Users\\Usuário\\Desktop\\Nova pasta (2)\\CompassUOL-Challenge3-Furniro\\src\\components\\header\\Header.tsx","statementMap":{"0":{"start":{"line":8,"column":0},"end":{"line":8,"column":29}},"1":{"start":{"line":11,"column":38},"end":{"line":11,"column":53}},"2":{"start":{"line":12,"column":40},"end":{"line":12,"column":55}},"3":{"start":{"line":13,"column":48},"end":{"line":13,"column":63}},"4":{"start":{"line":14,"column":31},"end":{"line":14,"column":40}},"5":{"start":{"line":15,"column":22},"end":{"line":15,"column":31}},"6":{"start":{"line":16,"column":19},"end":{"line":16,"column":32}},"7":{"start":{"line":17,"column":19},"end":{"line":17,"column":32}},"8":{"start":{"line":19,"column":2},"end":{"line":23,"column":48}},"9":{"start":{"line":20,"column":4},"end":{"line":22,"column":5}},"10":{"start":{"line":21,"column":6},"end":{"line":21,"column":20}},"11":{"start":{"line":25,"column":27},"end":{"line":27,"column":8}},"12":{"start":{"line":26,"column":4},"end":{"line":26,"column":45}},"13":{"start":{"line":26,"column":33},"end":{"line":26,"column":43}},"14":{"start":{"line":29,"column":26},"end":{"line":31,"column":8}},"15":{"start":{"line":30,"column":4},"end":{"line":30,"column":25}},"16":{"start":{"line":33,"column":30},"end":{"line":39,"column":28}},"17":{"start":{"line":34,"column":4},"end":{"line":38,"column":5}},"18":{"start":{"line":35,"column":6},"end":{"line":35,"column":48}},"19":{"start":{"line":35,"column":36},"end":{"line":35,"column":46}},"20":{"start":{"line":37,"column":6},"end":{"line":37,"column":27}},"21":{"start":{"line":41,"column":27},"end":{"line":43,"column":8}},"22":{"start":{"line":42,"column":4},"end":{"line":42,"column":26}},"23":{"start":{"line":45,"column":23},"end":{"line":48,"column":33}},"24":{"start":{"line":46,"column":4},"end":{"line":46,"column":14}},"25":{"start":{"line":47,"column":4},"end":{"line":47,"column":23}},"26":{"start":{"line":50,"column":30},"end":{"line":52,"column":8}},"27":{"start":{"line":51,"column":4},"end":{"line":51,"column":50}},"28":{"start":{"line":51,"column":38},"end":{"line":51,"column":48}},"29":{"start":{"line":54,"column":31},"end":{"line":56,"column":8}},"30":{"start":{"line":55,"column":4},"end":{"line":55,"column":30}},"31":{"start":{"line":58,"column":24},"end":{"line":58,"column":54}},"32":{"start":{"line":61,"column":4},"end":{"line":61,"column":137}},"33":{"start":{"line":63,"column":2},"end":{"line":154,"column":4}}},"fnMap":{"0":{"name":"Header","decl":{"start":{"line":10,"column":9},"end":{"line":10,"column":15}},"loc":{"start":{"line":10,"column":18},"end":{"line":155,"column":1}},"line":10},"1":{"name":"(anonymous_1)","decl":{"start":{"line":19,"column":12},"end":{"line":19,"column":13}},"loc":{"start":{"line":19,"column":18},"end":{"line":23,"column":3}},"line":19},"2":{"name":"(anonymous_2)","decl":{"start":{"line":25,"column":39},"end":{"line":25,"column":40}},"loc":{"start":{"line":25,"column":45},"end":{"line":27,"column":3}},"line":25},"3":{"name":"(anonymous_3)","decl":{"start":{"line":26,"column":18},"end":{"line":26,"column":19}},"loc":{"start":{"line":26,"column":33},"end":{"line":26,"column":43}},"line":26},"4":{"name":"(anonymous_4)","decl":{"start":{"line":29,"column":38},"end":{"line":29,"column":39}},"loc":{"start":{"line":29,"column":44},"end":{"line":31,"column":3}},"line":29},"5":{"name":"(anonymous_5)","decl":{"start":{"line":33,"column":42},"end":{"line":33,"column":43}},"loc":{"start":{"line":33,"column":48},"end":{"line":39,"column":3}},"line":33},"6":{"name":"(anonymous_6)","decl":{"start":{"line":35,"column":21},"end":{"line":35,"column":22}},"loc":{"start":{"line":35,"column":36},"end":{"line":35,"column":46}},"line":35},"7":{"name":"(anonymous_7)","decl":{"start":{"line":41,"column":39},"end":{"line":41,"column":40}},"loc":{"start":{"line":41,"column":45},"end":{"line":43,"column":3}},"line":41},"8":{"name":"(anonymous_8)","decl":{"start":{"line":45,"column":35},"end":{"line":45,"column":36}},"loc":{"start":{"line":45,"column":41},"end":{"line":48,"column":3}},"line":45},"9":{"name":"(anonymous_9)","decl":{"start":{"line":50,"column":42},"end":{"line":50,"column":43}},"loc":{"start":{"line":50,"column":48},"end":{"line":52,"column":3}},"line":50},"10":{"name":"(anonymous_10)","decl":{"start":{"line":51,"column":23},"end":{"line":51,"column":24}},"loc":{"start":{"line":51,"column":38},"end":{"line":51,"column":48}},"line":51},"11":{"name":"(anonymous_11)","decl":{"start":{"line":54,"column":43},"end":{"line":54,"column":44}},"loc":{"start":{"line":54,"column":49},"end":{"line":56,"column":3}},"line":54}},"branchMap":{"0":{"loc":{"start":{"line":20,"column":4},"end":{"line":22,"column":5}},"type":"if","locations":[{"start":{"line":20,"column":4},"end":{"line":22,"column":5}},{"start":{},"end":{}}],"line":20},"1":{"loc":{"start":{"line":20,"column":8},"end":{"line":20,"column":54}},"type":"binary-expr","locations":[{"start":{"line":20,"column":8},"end":{"line":20,"column":18}},{"start":{"line":20,"column":22},"end":{"line":20,"column":54}}],"line":20},"2":{"loc":{"start":{"line":34,"column":4},"end":{"line":38,"column":5}},"type":"if","locations":[{"start":{"line":34,"column":4},"end":{"line":38,"column":5}},{"start":{"line":36,"column":11},"end":{"line":38,"column":5}}],"line":34},"3":{"loc":{"start":{"line":58,"column":24},"end":{"line":58,"column":54}},"type":"binary-expr","locations":[{"start":{"line":58,"column":24},"end":{"line":58,"column":35}},{"start":{"line":58,"column":39},"end":{"line":58,"column":54}}],"line":58},"4":{"loc":{"start":{"line":85,"column":32},"end":{"line":85,"column":81}},"type":"cond-expr","locations":[{"start":{"line":85,"column":63},"end":{"line":85,"column":70}},{"start":{"line":85,"column":73},"end":{"line":85,"column":81}}],"line":85},"5":{"loc":{"start":{"line":85,"column":32},"end":{"line":85,"column":60}},"type":"binary-expr","locations":[{"start":{"line":85,"column":32},"end":{"line":85,"column":42}},{"start":{"line":85,"column":46},"end":{"line":85,"column":60}}],"line":85},"6":{"loc":{"start":{"line":89,"column":156},"end":{"line":89,"column":185}},"type":"cond-expr","locations":[{"start":{"line":89,"column":172},"end":{"line":89,"column":180}},{"start":{"line":89,"column":183},"end":{"line":89,"column":185}}],"line":89},"7":{"loc":{"start":{"line":109,"column":13},"end":{"line":109,"column":49}},"type":"cond-expr","locations":[{"start":{"line":109,"column":20},"end":{"line":109,"column":44}},{"start":{"line":109,"column":47},"end":{"line":109,"column":49}}],"line":109}},"s":{"0":0,"1":0,"2":0,"3":0,"4":0,"5":0,"6":0,"7":0,"8":0,"9":0,"10":0,"11":0,"12":0,"13":0,"14":0,"15":0,"16":0,"17":0,"18":0,"19":0,"20":0,"21":0,"22":0,"23":0,"24":0,"25":0,"26":0,"27":0,"28":0,"29":0,"30":0,"31":0,"32":0,"33":0},"f":{"0":0,"1":0,"2":0,"3":0,"4":0,"5":0,"6":0,"7":0,"8":0,"9":0,"10":0,"11":0},"b":{"0":[0,0],"1":[0,0],"2":[0,0],"3":[0,0],"4":[0,0],"5":[0,0],"6":[0,0],"7":[0,0]}}
,"C:\\Users\\Usuário\\Desktop\\Nova pasta (2)\\CompassUOL-Challenge3-Furniro\\src\\components\\header\\ModalProductsHeader.tsx": {"path":"C:\\Users\\Usuário\\Desktop\\Nova pasta (2)\\CompassUOL-Challenge3-Furniro\\src\\components\\header\\ModalProductsHeader.tsx","statementMap":{"0":{"start":{"line":15,"column":20},"end":{"line":15,"column":75}},"1":{"start":{"line":15,"column":54},"end":{"line":15,"column":74}},"2":{"start":{"line":16,"column":19},"end":{"line":16,"column":32}},"3":{"start":{"line":17,"column":34},"end":{"line":17,"column":45}},"4":{"start":{"line":19,"column":28},"end":{"line":26,"column":8}},"5":{"start":{"line":20,"column":18},"end":{"line":24,"column":5}},"6":{"start":{"line":22,"column":8},"end":{"line":22,"column":74}},"7":{"start":{"line":25,"column":4},"end":{"line":25,"column":23}},"8":{"start":{"line":28,"column":2},"end":{"line":36,"column":36}},"9":{"start":{"line":29,"column":4},"end":{"line":35,"column":23}},"10":{"start":{"line":30,"column":26},"end":{"line":30,"column":41}},"11":{"start":{"line":32,"column":8},"end":{"line":32,"column":38}},"12":{"start":{"line":33,"column":8},"end":{"line":33,"column":33}},"13":{"start":{"line":38,"column":27},"end":{"line":51,"column":3}},"14":{"start":{"line":40,"column":6},"end":{"line":48,"column":25}},"15":{"start":{"line":44,"column":10},"end":{"line":44,"column":43}},"16":{"start":{"line":45,"column":31},"end":{"line":45,"column":73}},"17":{"start":{"line":45,"column":58},"end":{"line":45,"column":72}},"18":{"start":{"line":46,"column":10},"end":{"line":46,"column":42}},"19":{"start":{"line":53,"column":32},"end":{"line":58,"column":3}},"20":{"start":{"line":54,"column":20},"end":{"line":56,"column":5}},"21":{"start":{"line":55,"column":6},"end":{"line":55,"column":27}},"22":{"start":{"line":60,"column":25},"end":{"line":67,"column":3}},"23":{"start":{"line":61,"column":4},"end":{"line":66,"column":28}},"24":{"start":{"line":69,"column":2},"end":{"line":157,"column":4}},"25":{"start":{"line":94,"column":14},"end":{"line":121,"column":20}}},"fnMap":{"0":{"name":"ModalProductsHeader","decl":{"start":{"line":14,"column":9},"end":{"line":14,"column":28}},"loc":{"start":{"line":14,"column":68},"end":{"line":158,"column":1}},"line":14},"1":{"name":"(anonymous_1)","decl":{"start":{"line":15,"column":32},"end":{"line":15,"column":33}},"loc":{"start":{"line":15,"column":54},"end":{"line":15,"column":74}},"line":15},"2":{"name":"(anonymous_2)","decl":{"start":{"line":19,"column":40},"end":{"line":19,"column":41}},"loc":{"start":{"line":19,"column":58},"end":{"line":26,"column":3}},"line":19},"3":{"name":"(anonymous_3)","decl":{"start":{"line":21,"column":6},"end":{"line":21,"column":7}},"loc":{"start":{"line":22,"column":8},"end":{"line":22,"column":74}},"line":22},"4":{"name":"(anonymous_4)","decl":{"start":{"line":28,"column":12},"end":{"line":28,"column":13}},"loc":{"start":{"line":28,"column":18},"end":{"line":36,"column":3}},"line":28},"5":{"name":"(anonymous_5)","decl":{"start":{"line":30,"column":12},"end":{"line":30,"column":13}},"loc":{"start":{"line":30,"column":26},"end":{"line":30,"column":41}},"line":30},"6":{"name":"(anonymous_6)","decl":{"start":{"line":31,"column":12},"end":{"line":31,"column":13}},"loc":{"start":{"line":31,"column":23},"end":{"line":34,"column":7}},"line":31},"7":{"name":"(anonymous_7)","decl":{"start":{"line":35,"column":13},"end":{"line":35,"column":14}},"loc":{"start":{"line":35,"column":19},"end":{"line":35,"column":21}},"line":35},"8":{"name":"(anonymous_8)","decl":{"start":{"line":39,"column":4},"end":{"line":39,"column":5}},"loc":{"start":{"line":39,"column":20},"end":{"line":49,"column":5}},"line":39},"9":{"name":"(anonymous_9)","decl":{"start":{"line":43,"column":14},"end":{"line":43,"column":15}},"loc":{"start":{"line":43,"column":20},"end":{"line":47,"column":9}},"line":43},"10":{"name":"(anonymous_10)","decl":{"start":{"line":45,"column":48},"end":{"line":45,"column":49}},"loc":{"start":{"line":45,"column":58},"end":{"line":45,"column":72}},"line":45},"11":{"name":"(anonymous_11)","decl":{"start":{"line":48,"column":15},"end":{"line":48,"column":16}},"loc":{"start":{"line":48,"column":21},"end":{"line":48,"column":23}},"line":48},"12":{"name":"(anonymous_12)","decl":{"start":{"line":54,"column":4},"end":{"line":54,"column":5}},"loc":{"start":{"line":54,"column":20},"end":{"line":56,"column":5}},"line":54},"13":{"name":"(anonymous_13)","decl":{"start":{"line":54,"column":20},"end":{"line":54,"column":21}},"loc":{"start":{"line":54,"column":26},"end":{"line":56,"column":5}},"line":54},"14":{"name":"(anonymous_14)","decl":{"start":{"line":60,"column":25},"end":{"line":60,"column":26}},"loc":{"start":{"line":60,"column":44},"end":{"line":67,"column":3}},"line":60},"15":{"name":"(anonymous_15)","decl":{"start":{"line":93,"column":26},"end":{"line":93,"column":27}},"loc":{"start":{"line":94,"column":14},"end":{"line":121,"column":20}},"line":94}},"branchMap":{"0":{"loc":{"start":{"line":22,"column":31},"end":{"line":22,"column":73}},"type":"binary-expr","locations":[{"start":{"line":22,"column":31},"end":{"line":22,"column":51}},{"start":{"line":22,"column":55},"end":{"line":22,"column":73}}],"line":22},"1":{"loc":{"start":{"line":76,"column":11},"end":{"line":80,"column":11}},"type":"cond-expr","locations":[{"start":{"line":77,"column":12},"end":{"line":77,"column":41}},{"start":{"line":79,"column":12},"end":{"line":79,"column":63}}],"line":76},"2":{"loc":{"start":{"line":90,"column":11},"end":{"line":123,"column":11}},"type":"cond-expr","locations":[{"start":{"line":91,"column":12},"end":{"line":91,"column":80}},{"start":{"line":93,"column":12},"end":{"line":122,"column":14}}],"line":90},"3":{"loc":{"start":{"line":111,"column":26},"end":{"line":111,"column":68}},"type":"binary-expr","locations":[{"start":{"line":111,"column":26},"end":{"line":111,"column":46}},{"start":{"line":111,"column":50},"end":{"line":111,"column":68}}],"line":111}},"s":{"0":0,"1":0,"2":0,"3":0,"4":0,"5":0,"6":0,"7":0,"8":0,"9":0,"10":0,"11":0,"12":0,"13":0,"14":0,"15":0,"16":0,"17":0,"18":0,"19":0,"20":0,"21":0,"22":0,"23":0,"24":0,"25":0},"f":{"0":0,"1":0,"2":0,"3":0,"4":0,"5":0,"6":0,"7":0,"8":0,"9":0,"10":0,"11":0,"12":0,"13":0,"14":0,"15":0},"b":{"0":[0,0],"1":[0,0],"2":[0,0],"3":[0,0]}}
,"C:\\Users\\Usuário\\Desktop\\Nova pasta (2)\\CompassUOL-Challenge3-Furniro\\src\\hooks\\UseFetchProducts.tsx": {"path":"C:\\Users\\Usuário\\Desktop\\Nova pasta (2)\\CompassUOL-Challenge3-Furniro\\src\\hooks\\UseFetchProducts.tsx","statementMap":{"0":{"start":{"line":5,"column":25},"end":{"line":19,"column":1}},"1":{"start":{"line":6,"column":19},"end":{"line":6,"column":32}},"2":{"start":{"line":8,"column":2},"end":{"line":18,"column":17}},"3":{"start":{"line":9,"column":4},"end":{"line":17,"column":23}},"4":{"start":{"line":10,"column":26},"end":{"line":10,"column":41}},"5":{"start":{"line":12,"column":8},"end":{"line":15,"column":9}},"6":{"start":{"line":13,"column":10},"end":{"line":13,"column":38}}},"fnMap":{"0":{"name":"(anonymous_0)","decl":{"start":{"line":5,"column":25},"end":{"line":5,"column":26}},"loc":{"start":{"line":5,"column":31},"end":{"line":19,"column":1}},"line":5},"1":{"name":"(anonymous_1)","decl":{"start":{"line":8,"column":12},"end":{"line":8,"column":13}},"loc":{"start":{"line":8,"column":18},"end":{"line":18,"column":3}},"line":8},"2":{"name":"(anonymous_2)","decl":{"start":{"line":10,"column":12},"end":{"line":10,"column":13}},"loc":{"start":{"line":10,"column":26},"end":{"line":10,"column":41}},"line":10},"3":{"name":"(anonymous_3)","decl":{"start":{"line":11,"column":12},"end":{"line":11,"column":13}},"loc":{"start":{"line":11,"column":22},"end":{"line":16,"column":7}},"line":11},"4":{"name":"(anonymous_4)","decl":{"start":{"line":17,"column":13},"end":{"line":17,"column":14}},"loc":{"start":{"line":17,"column":19},"end":{"line":17,"column":21}},"line":17}},"branchMap":{"0":{"loc":{"start":{"line":12,"column":8},"end":{"line":15,"column":9}},"type":"if","locations":[{"start":{"line":12,"column":8},"end":{"line":15,"column":9}},{"start":{"line":14,"column":15},"end":{"line":15,"column":9}}],"line":12}},"s":{"0":0,"1":0,"2":0,"3":0,"4":0,"5":0,"6":0},"f":{"0":0,"1":0,"2":0,"3":0,"4":0},"b":{"0":[0,0]}}
,"C:\\Users\\Usuário\\Desktop\\Nova pasta (2)\\CompassUOL-Challenge3-Furniro\\src\\pages\\404Notfound\\NotFound404.tsx": {"path":"C:\\Users\\Usuário\\Desktop\\Nova pasta (2)\\CompassUOL-Challenge3-Furniro\\src\\pages\\404Notfound\\NotFound404.tsx","statementMap":{"0":{"start":{"line":2,"column":2},"end":{"line":8,"column":4}}},"fnMap":{"0":{"name":"NotFound404","decl":{"start":{"line":1,"column":9},"end":{"line":1,"column":20}},"loc":{"start":{"line":1,"column":23},"end":{"line":9,"column":1}},"line":1}},"branchMap":{},"s":{"0":0},"f":{"0":0},"b":{}}
,"C:\\Users\\Usuário\\Desktop\\Nova pasta (2)\\CompassUOL-Challenge3-Furniro\\src\\pages\\cart\\Cart.tsx": {"path":"C:\\Users\\Usuário\\Desktop\\Nova pasta (2)\\CompassUOL-Challenge3-Furniro\\src\\pages\\cart\\Cart.tsx","statementMap":{"0":{"start":{"line":21,"column":36},"end":{"line":21,"column":59}},"1":{"start":{"line":22,"column":34},"end":{"line":22,"column":45}},"2":{"start":{"line":23,"column":19},"end":{"line":23,"column":32}},"3":{"start":{"line":24,"column":25},"end":{"line":24,"column":34}},"4":{"start":{"line":26,"column":28},"end":{"line":33,"column":8}},"5":{"start":{"line":27,"column":18},"end":{"line":31,"column":5}},"6":{"start":{"line":29,"column":8},"end":{"line":29,"column":74}},"7":{"start":{"line":32,"column":4},"end":{"line":32,"column":23}},"8":{"start":{"line":35,"column":2},"end":{"line":43,"column":26}},"9":{"start":{"line":36,"column":4},"end":{"line":42,"column":23}},"10":{"start":{"line":37,"column":26},"end":{"line":37,"column":41}},"11":{"start":{"line":39,"column":8},"end":{"line":39,"column":28}},"12":{"start":{"line":40,"column":8},"end":{"line":40,"column":33}},"13":{"start":{"line":45,"column":25},"end":{"line":66,"column":3}},"14":{"start":{"line":47,"column":27},"end":{"line":49,"column":7}},"15":{"start":{"line":48,"column":8},"end":{"line":48,"column":53}},"16":{"start":{"line":50,"column":6},"end":{"line":50,"column":33}},"17":{"start":{"line":52,"column":6},"end":{"line":61,"column":25}},"18":{"start":{"line":58,"column":38},"end":{"line":58,"column":52}},"19":{"start":{"line":63,"column":6},"end":{"line":63,"column":38}},"20":{"start":{"line":68,"column":21},"end":{"line":80,"column":3}},"21":{"start":{"line":70,"column":27},"end":{"line":70,"column":69}},"22":{"start":{"line":70,"column":54},"end":{"line":70,"column":68}},"23":{"start":{"line":71,"column":6},"end":{"line":71,"column":33}},"24":{"start":{"line":73,"column":6},"end":{"line":75,"column":25}},"25":{"start":{"line":77,"column":6},"end":{"line":77,"column":38}},"26":{"start":{"line":82,"column":25},"end":{"line":87,"column":3}},"27":{"start":{"line":83,"column":4},"end":{"line":86,"column":7}},"28":{"start":{"line":89,"column":25},"end":{"line":95,"column":28}},"29":{"start":{"line":90,"column":4},"end":{"line":94,"column":5}},"30":{"start":{"line":91,"column":6},"end":{"line":91,"column":28}},"31":{"start":{"line":93,"column":6},"end":{"line":93,"column":27}},"32":{"start":{"line":97,"column":28},"end":{"line":102,"column":3}},"33":{"start":{"line":98,"column":20},"end":{"line":100,"column":5}},"34":{"start":{"line":99,"column":6},"end":{"line":99,"column":35}},"35":{"start":{"line":104,"column":27},"end":{"line":109,"column":3}},"36":{"start":{"line":106,"column":6},"end":{"line":106,"column":21}},"37":{"start":{"line":111,"column":32},"end":{"line":116,"column":3}},"38":{"start":{"line":112,"column":20},"end":{"line":114,"column":5}},"39":{"start":{"line":113,"column":6},"end":{"line":113,"column":27}},"40":{"start":{"line":118,"column":2},"end":{"line":205,"column":4}},"41":{"start":{"line":136,"column":16},"end":{"line":176,"column":22}}},"fnMap":{"0":{"name":"Cart","decl":{"start":{"line":20,"column":9},"end":{"line":20,"column":13}},"loc":{"start":{"line":20,"column":16},"end":{"line":206,"column":1}},"line":20},"1":{"name":"(anonymous_1)","decl":{"start":{"line":26,"column":40},"end":{"line":26,"column":41}},"loc":{"start":{"line":26,"column":62},"end":{"line":33,"column":3}},"line":26},"2":{"name":"(anonymous_2)","decl":{"start":{"line":28,"column":6},"end":{"line":28,"column":7}},"loc":{"start":{"line":29,"column":8},"end":{"line":29,"column":74}},"line":29},"3":{"name":"(anonymous_3)","decl":{"start":{"line":35,"column":12},"end":{"line":35,"column":13}},"loc":{"start":{"line":35,"column":18},"end":{"line":43,"column":3}},"line":35},"4":{"name":"(anonymous_4)","decl":{"start":{"line":37,"column":12},"end":{"line":37,"column":13}},"loc":{"start":{"line":37,"column":26},"end":{"line":37,"column":41}},"line":37},"5":{"name":"(anonymous_5)","decl":{"start":{"line":38,"column":12},"end":{"line":38,"column":13}},"loc":{"start":{"line":38,"column":23},"end":{"line":41,"column":7}},"line":38},"6":{"name":"(anonymous_6)","decl":{"start":{"line":42,"column":13},"end":{"line":42,"column":14}},"loc":{"start":{"line":42,"column":19},"end":{"line":42,"column":21}},"line":42},"7":{"name":"(anonymous_7)","decl":{"start":{"line":46,"column":4},"end":{"line":46,"column":5}},"loc":{"start":{"line":46,"column":38},"end":{"line":64,"column":5}},"line":46},"8":{"name":"(anonymous_8)","decl":{"start":{"line":47,"column":41},"end":{"line":47,"column":42}},"loc":{"start":{"line":48,"column":8},"end":{"line":48,"column":53}},"line":48},"9":{"name":"(anonymous_9)","decl":{"start":{"line":58,"column":28},"end":{"line":58,"column":29}},"loc":{"start":{"line":58,"column":38},"end":{"line":58,"column":52}},"line":58},"10":{"name":"(anonymous_10)","decl":{"start":{"line":61,"column":15},"end":{"line":61,"column":16}},"loc":{"start":{"line":61,"column":21},"end":{"line":61,"column":23}},"line":61},"11":{"name":"(anonymous_11)","decl":{"start":{"line":69,"column":4},"end":{"line":69,"column":5}},"loc":{"start":{"line":69,"column":20},"end":{"line":78,"column":5}},"line":69},"12":{"name":"(anonymous_12)","decl":{"start":{"line":70,"column":44},"end":{"line":70,"column":45}},"loc":{"start":{"line":70,"column":54},"end":{"line":70,"column":68}},"line":70},"13":{"name":"(anonymous_13)","decl":{"start":{"line":75,"column":15},"end":{"line":75,"column":16}},"loc":{"start":{"line":75,"column":21},"end":{"line":75,"column":23}},"line":75},"14":{"name":"(anonymous_14)","decl":{"start":{"line":82,"column":25},"end":{"line":82,"column":26}},"loc":{"start":{"line":82,"column":44},"end":{"line":87,"column":3}},"line":82},"15":{"name":"(anonymous_15)","decl":{"start":{"line":89,"column":37},"end":{"line":89,"column":38}},"loc":{"start":{"line":89,"column":43},"end":{"line":95,"column":3}},"line":89},"16":{"name":"(anonymous_16)","decl":{"start":{"line":98,"column":4},"end":{"line":98,"column":5}},"loc":{"start":{"line":98,"column":20},"end":{"line":100,"column":5}},"line":98},"17":{"name":"(anonymous_17)","decl":{"start":{"line":98,"column":20},"end":{"line":98,"column":21}},"loc":{"start":{"line":98,"column":42},"end":{"line":100,"column":5}},"line":98},"18":{"name":"(anonymous_18)","decl":{"start":{"line":105,"column":4},"end":{"line":105,"column":5}},"loc":{"start":{"line":105,"column":20},"end":{"line":107,"column":5}},"line":105},"19":{"name":"(anonymous_19)","decl":{"start":{"line":112,"column":4},"end":{"line":112,"column":5}},"loc":{"start":{"line":112,"column":20},"end":{"line":114,"column":5}},"line":112},"20":{"name":"(anonymous_20)","decl":{"start":{"line":112,"column":20},"end":{"line":112,"column":21}},"loc":{"start":{"line":112,"column":74},"end":{"line":114,"column":5}},"line":112},"21":{"name":"(anonymous_21)","decl":{"start":{"line":135,"column":28},"end":{"line":135,"column":29}},"loc":{"start":{"line":136,"column":16},"end":{"line":176,"column":22}},"line":136}},"branchMap":{"0":{"loc":{"start":{"line":29,"column":31},"end":{"line":29,"column":73}},"type":"binary-expr","locations":[{"start":{"line":29,"column":31},"end":{"line":29,"column":51}},{"start":{"line":29,"column":55},"end":{"line":29,"column":73}}],"line":29},"1":{"loc":{"start":{"line":48,"column":8},"end":{"line":48,"column":53}},"type":"cond-expr","locations":[{"start":{"line":48,"column":25},"end":{"line":48,"column":46}},{"start":{"line":48,"column":49},"end":{"line":48,"column":53}}],"line":48},"2":{"loc":{"start":{"line":90,"column":4},"end":{"line":94,"column":5}},"type":"if","locations":[{"start":{"line":90,"column":4},"end":{"line":94,"column":5}},{"start":{"line":92,"column":11},"end":{"line":94,"column":5}}],"line":90},"3":{"loc":{"start":{"line":132,"column":13},"end":{"line":178,"column":13}},"type":"cond-expr","locations":[{"start":{"line":133,"column":14},"end":{"line":133,"column":73}},{"start":{"line":135,"column":14},"end":{"line":177,"column":16}}],"line":132},"4":{"loc":{"start":{"line":154,"column":24},"end":{"line":154,"column":66}},"type":"binary-expr","locations":[{"start":{"line":154,"column":24},"end":{"line":154,"column":44}},{"start":{"line":154,"column":48},"end":{"line":154,"column":66}}],"line":154},"5":{"loc":{"start":{"line":167,"column":27},"end":{"line":167,"column":69}},"type":"binary-expr","locations":[{"start":{"line":167,"column":27},"end":{"line":167,"column":47}},{"start":{"line":167,"column":51},"end":{"line":167,"column":69}}],"line":167}},"s":{"0":0,"1":0,"2":0,"3":0,"4":0,"5":0,"6":0,"7":0,"8":0,"9":0,"10":0,"11":0,"12":0,"13":0,"14":0,"15":0,"16":0,"17":0,"18":0,"19":0,"20":0,"21":0,"22":0,"23":0,"24":0,"25":0,"26":0,"27":0,"28":0,"29":0,"30":0,"31":0,"32":0,"33":0,"34":0,"35":0,"36":0,"37":0,"38":0,"39":0,"40":0,"41":0},"f":{"0":0,"1":0,"2":0,"3":0,"4":0,"5":0,"6":0,"7":0,"8":0,"9":0,"10":0,"11":0,"12":0,"13":0,"14":0,"15":0,"16":0,"17":0,"18":0,"19":0,"20":0,"21":0},"b":{"0":[0,0],"1":[0,0],"2":[0,0],"3":[0,0],"4":[0,0],"5":[0,0]}}
,"C:\\Users\\Usuário\\Desktop\\Nova pasta (2)\\CompassUOL-Challenge3-Furniro\\src\\pages\\checkout\\CheckoutPage.tsx": {"path":"C:\\Users\\Usuário\\Desktop\\Nova pasta (2)\\CompassUOL-Challenge3-Furniro\\src\\pages\\checkout\\CheckoutPage.tsx","statementMap":{"0":{"start":{"line":14,"column":18},"end":{"line":14,"column":55}},"1":{"start":{"line":16,"column":23},"end":{"line":21,"column":8}},"2":{"start":{"line":17,"column":4},"end":{"line":19,"column":5}},"3":{"start":{"line":18,"column":6},"end":{"line":18,"column":40}},"4":{"start":{"line":20,"column":4},"end":{"line":20,"column":17}},"5":{"start":{"line":23,"column":2},"end":{"line":46,"column":4}}},"fnMap":{"0":{"name":"CheckoutPage","decl":{"start":{"line":13,"column":9},"end":{"line":13,"column":21}},"loc":{"start":{"line":13,"column":24},"end":{"line":47,"column":1}},"line":13},"1":{"name":"(anonymous_1)","decl":{"start":{"line":16,"column":35},"end":{"line":16,"column":36}},"loc":{"start":{"line":16,"column":41},"end":{"line":21,"column":3}},"line":16}},"branchMap":{"0":{"loc":{"start":{"line":17,"column":4},"end":{"line":19,"column":5}},"type":"if","locations":[{"start":{"line":17,"column":4},"end":{"line":19,"column":5}},{"start":{},"end":{}}],"line":17}},"s":{"0":0,"1":0,"2":0,"3":0,"4":0,"5":0},"f":{"0":0,"1":0},"b":{"0":[0,0]}}
,"C:\\Users\\Usuário\\Desktop\\Nova pasta (2)\\CompassUOL-Challenge3-Furniro\\src\\pages\\checkout\\FormsCheck.tsx": {"path":"C:\\Users\\Usuário\\Desktop\\Nova pasta (2)\\CompassUOL-Challenge3-Furniro\\src\\pages\\checkout\\FormsCheck.tsx","statementMap":{"0":{"start":{"line":26,"column":38},"end":{"line":35,"column":4}},"1":{"start":{"line":37,"column":34},"end":{"line":37,"column":64}},"2":{"start":{"line":39,"column":2},"end":{"line":48,"column":28}},"3":{"start":{"line":40,"column":4},"end":{"line":47,"column":5}},"4":{"start":{"line":41,"column":6},"end":{"line":46,"column":10}},"5":{"start":{"line":41,"column":37},"end":{"line":46,"column":7}},"6":{"start":{"line":50,"column":30},"end":{"line":59,"column":4}},"7":{"start":{"line":61,"column":2},"end":{"line":97,"column":6}},"8":{"start":{"line":61,"column":34},"end":{"line":97,"column":3}},"9":{"start":{"line":63,"column":24},"end":{"line":72,"column":7}},"10":{"start":{"line":73,"column":20},"end":{"line":73,"column":24}},"11":{"start":{"line":75,"column":24},"end":{"line":75,"column":42}},"12":{"start":{"line":77,"column":8},"end":{"line":77,"column":142}},"13":{"start":{"line":79,"column":6},"end":{"line":82,"column":7}},"14":{"start":{"line":80,"column":8},"end":{"line":80,"column":55}},"15":{"start":{"line":81,"column":8},"end":{"line":81,"column":24}},"16":{"start":{"line":84,"column":6},"end":{"line":87,"column":7}},"17":{"start":{"line":85,"column":8},"end":{"line":85,"column":54}},"18":{"start":{"line":86,"column":8},"end":{"line":86,"column":24}},"19":{"start":{"line":89,"column":6},"end":{"line":92,"column":7}},"20":{"start":{"line":90,"column":8},"end":{"line":90,"column":42}},"21":{"start":{"line":91,"column":8},"end":{"line":91,"column":24}},"22":{"start":{"line":94,"column":6},"end":{"line":94,"column":27}},"23":{"start":{"line":95,"column":6},"end":{"line":95,"column":21}},"24":{"start":{"line":99,"column":23},"end":{"line":105,"column":8}},"25":{"start":{"line":100,"column":28},"end":{"line":100,"column":36}},"26":{"start":{"line":101,"column":4},"end":{"line":104,"column":8}},"27":{"start":{"line":101,"column":35},"end":{"line":104,"column":5}},"28":{"start":{"line":107,"column":23},"end":{"line":107,"column":44}},"29":{"start":{"line":108,"column":22},"end":{"line":108,"column":43}},"30":{"start":{"line":110,"column":4},"end":{"line":110,"column":65}},"31":{"start":{"line":112,"column":2},"end":{"line":279,"column":4}}},"fnMap":{"0":{"name":"FormsCheck","decl":{"start":{"line":25,"column":9},"end":{"line":25,"column":19}},"loc":{"start":{"line":25,"column":58},"end":{"line":280,"column":1}},"line":25},"1":{"name":"(anonymous_1)","decl":{"start":{"line":39,"column":12},"end":{"line":39,"column":13}},"loc":{"start":{"line":39,"column":18},"end":{"line":48,"column":3}},"line":39},"2":{"name":"(anonymous_2)","decl":{"start":{"line":41,"column":20},"end":{"line":41,"column":21}},"loc":{"start":{"line":41,"column":37},"end":{"line":46,"column":7}},"line":41},"3":{"name":"(anonymous_3)","decl":{"start":{"line":61,"column":27},"end":{"line":61,"column":28}},"loc":{"start":{"line":61,"column":34},"end":{"line":97,"column":3}},"line":61},"4":{"name":"(anonymous_4)","decl":{"start":{"line":62,"column":4},"end":{"line":62,"column":5}},"loc":{"start":{"line":62,"column":15},"end":{"line":96,"column":5}},"line":62},"5":{"name":"(anonymous_5)","decl":{"start":{"line":99,"column":35},"end":{"line":99,"column":36}},"loc":{"start":{"line":99,"column":79},"end":{"line":105,"column":3}},"line":99},"6":{"name":"(anonymous_6)","decl":{"start":{"line":101,"column":18},"end":{"line":101,"column":19}},"loc":{"start":{"line":101,"column":35},"end":{"line":104,"column":5}},"line":101}},"branchMap":{"0":{"loc":{"start":{"line":40,"column":4},"end":{"line":47,"column":5}},"type":"if","locations":[{"start":{"line":40,"column":4},"end":{"line":47,"column":5}},{"start":{},"end":{}}],"line":40},"1":{"loc":{"start":{"line":40,"column":8},"end":{"line":40,"column":70}},"type":"binary-expr","locations":[{"start":{"line":40,"column":8},"end":{"line":40,"column":19}},{"start":{"line":40,"column":23},"end":{"line":40,"column":37}},{"start":{"line":40,"column":41},"end":{"line":40,"column":53}},{"start":{"line":40,"column":57},"end":{"line":40,"column":70}}],"line":40},"2":{"loc":{"start":{"line":79,"column":6},"end":{"line":82,"column":7}},"type":"if","locations":[{"start":{"line":79,"column":6},"end":{"line":82,"column":7}},{"start":{},"end":{}}],"line":79},"3":{"loc":{"start":{"line":84,"column":6},"end":{"line":87,"column":7}},"type":"if","locations":[{"start":{"line":84,"column":6},"end":{"line":87,"column":7}},{"start":{},"end":{}}],"line":84},"4":{"loc":{"start":{"line":89,"column":6},"end":{"line":92,"column":7}},"type":"if","locations":[{"start":{"line":89,"column":6},"end":{"line":92,"column":7}},{"start":{},"end":{}}],"line":89},"5":{"loc":{"start":{"line":132,"column":15},"end":{"line":134,"column":15}},"type":"binary-expr","locations":[{"start":{"line":132,"column":15},"end":{"line":132,"column":31}},{"start":{"line":133,"column":16},"end":{"line":133,"column":72}}],"line":132},"6":{"loc":{"start":{"line":151,"column":15},"end":{"line":153,"column":15}},"type":"binary-expr","locations":[{"start":{"line":151,"column":15},"end":{"line":151,"column":30}},{"start":{"line":152,"column":16},"end":{"line":152,"column":76}}],"line":151},"7":{"loc":{"start":{"line":265,"column":13},"end":{"line":267,"column":13}},"type":"binary-expr","locations":[{"start":{"line":265,"column":13},"end":{"line":265,"column":25}},{"start":{"line":266,"column":14},"end":{"line":266,"column":66}}],"line":265}},"s":{"0":0,"1":0,"2":0,"3":0,"4":0,"5":0,"6":0,"7":0,"8":0,"9":0,"10":0,"11":0,"12":0,"13":0,"14":0,"15":0,"16":0,"17":0,"18":0,"19":0,"20":0,"21":0,"22":0,"23":0,"24":0,"25":0,"26":0,"27":0,"28":0,"29":0,"30":0,"31":0},"f":{"0":0,"1":0,"2":0,"3":0,"4":0,"5":0,"6":0},"b":{"0":[0,0],"1":[0,0,0,0],"2":[0,0],"3":[0,0],"4":[0,0],"5":[0,0],"6":[0,0],"7":[0,0]}}
,"C:\\Users\\Usuário\\Desktop\\Nova pasta (2)\\CompassUOL-Challenge3-Furniro\\src\\pages\\checkout\\PlaceOrderButton.tsx": {"path":"C:\\Users\\Usuário\\Desktop\\Nova pasta (2)\\CompassUOL-Challenge3-Furniro\\src\\pages\\checkout\\PlaceOrderButton.tsx","statementMap":{"0":{"start":{"line":16,"column":40},"end":{"line":16,"column":55}},"1":{"start":{"line":17,"column":40},"end":{"line":17,"column":55}},"2":{"start":{"line":18,"column":19},"end":{"line":18,"column":28}},"3":{"start":{"line":19,"column":19},"end":{"line":19,"column":32}},"4":{"start":{"line":21,"column":2},"end":{"line":25,"column":9}},"5":{"start":{"line":22,"column":4},"end":{"line":24,"column":79}},"6":{"start":{"line":23,"column":26},"end":{"line":23,"column":41}},"7":{"start":{"line":24,"column":39},"end":{"line":24,"column":77}},"8":{"start":{"line":27,"column":27},"end":{"line":31,"column":20}},"9":{"start":{"line":28,"column":4},"end":{"line":30,"column":5}},"10":{"start":{"line":29,"column":6},"end":{"line":29,"column":27}},"11":{"start":{"line":33,"column":20},"end":{"line":46,"column":8}},"12":{"start":{"line":34,"column":4},"end":{"line":45,"column":9}},"13":{"start":{"line":35,"column":26},"end":{"line":35,"column":41}},"14":{"start":{"line":37,"column":8},"end":{"line":44,"column":9}},"15":{"start":{"line":38,"column":33},"end":{"line":42,"column":11}},"16":{"start":{"line":39,"column":12},"end":{"line":41,"column":14}},"17":{"start":{"line":43,"column":10},"end":{"line":43,"column":45}},"18":{"start":{"line":48,"column":21},"end":{"line":52,"column":27}},"19":{"start":{"line":49,"column":4},"end":{"line":49,"column":16}},"20":{"start":{"line":50,"column":4},"end":{"line":50,"column":26}},"21":{"start":{"line":51,"column":4},"end":{"line":51,"column":18}},"22":{"start":{"line":54,"column":2},"end":{"line":106,"column":4}}},"fnMap":{"0":{"name":"PlaceOrderButton","decl":{"start":{"line":15,"column":9},"end":{"line":15,"column":25}},"loc":{"start":{"line":15,"column":67},"end":{"line":107,"column":1}},"line":15},"1":{"name":"(anonymous_1)","decl":{"start":{"line":21,"column":12},"end":{"line":21,"column":13}},"loc":{"start":{"line":21,"column":18},"end":{"line":25,"column":3}},"line":21},"2":{"name":"(anonymous_2)","decl":{"start":{"line":23,"column":12},"end":{"line":23,"column":13}},"loc":{"start":{"line":23,"column":26},"end":{"line":23,"column":41}},"line":23},"3":{"name":"(anonymous_3)","decl":{"start":{"line":24,"column":12},"end":{"line":24,"column":13}},"loc":{"start":{"line":24,"column":39},"end":{"line":24,"column":77}},"line":24},"4":{"name":"(anonymous_4)","decl":{"start":{"line":27,"column":39},"end":{"line":27,"column":40}},"loc":{"start":{"line":27,"column":45},"end":{"line":31,"column":3}},"line":27},"5":{"name":"(anonymous_5)","decl":{"start":{"line":33,"column":32},"end":{"line":33,"column":33}},"loc":{"start":{"line":33,"column":38},"end":{"line":46,"column":3}},"line":33},"6":{"name":"(anonymous_6)","decl":{"start":{"line":35,"column":12},"end":{"line":35,"column":13}},"loc":{"start":{"line":35,"column":26},"end":{"line":35,"column":41}},"line":35},"7":{"name":"(anonymous_7)","decl":{"start":{"line":36,"column":12},"end":{"line":36,"column":13}},"loc":{"start":{"line":36,"column":39},"end":{"line":45,"column":7}},"line":36},"8":{"name":"(anonymous_8)","decl":{"start":{"line":38,"column":47},"end":{"line":38,"column":48}},"loc":{"start":{"line":39,"column":12},"end":{"line":41,"column":14}},"line":39},"9":{"name":"(anonymous_9)","decl":{"start":{"line":48,"column":33},"end":{"line":48,"column":34}},"loc":{"start":{"line":48,"column":39},"end":{"line":52,"column":3}},"line":48}},"branchMap":{"0":{"loc":{"start":{"line":28,"column":4},"end":{"line":30,"column":5}},"type":"if","locations":[{"start":{"line":28,"column":4},"end":{"line":30,"column":5}},{"start":{},"end":{}}],"line":28},"1":{"loc":{"start":{"line":37,"column":8},"end":{"line":44,"column":9}},"type":"if","locations":[{"start":{"line":37,"column":8},"end":{"line":44,"column":9}},{"start":{},"end":{}}],"line":37},"2":{"loc":{"start":{"line":63,"column":7},"end":{"line":67,"column":7}},"type":"binary-expr","locations":[{"start":{"line":63,"column":7},"end":{"line":63,"column":18}},{"start":{"line":64,"column":8},"end":{"line":66,"column":12}}],"line":63},"3":{"loc":{"start":{"line":91,"column":13},"end":{"line":91,"column":44}},"type":"cond-expr","locations":[{"start":{"line":91,"column":20},"end":{"line":91,"column":34}},{"start":{"line":91,"column":37},"end":{"line":91,"column":44}}],"line":91}},"s":{"0":0,"1":0,"2":0,"3":0,"4":0,"5":0,"6":0,"7":0,"8":0,"9":0,"10":0,"11":0,"12":0,"13":0,"14":0,"15":0,"16":0,"17":0,"18":0,"19":0,"20":0,"21":0,"22":0},"f":{"0":0,"1":0,"2":0,"3":0,"4":0,"5":0,"6":0,"7":0,"8":0,"9":0},"b":{"0":[0,0],"1":[0,0],"2":[0,0],"3":[0,0]}}
,"C:\\Users\\Usuário\\Desktop\\Nova pasta (2)\\CompassUOL-Challenge3-Furniro\\src\\pages\\checkout\\ProductsCheck.tsx": {"path":"C:\\Users\\Usuário\\Desktop\\Nova pasta (2)\\CompassUOL-Challenge3-Furniro\\src\\pages\\checkout\\ProductsCheck.tsx","statementMap":{"0":{"start":{"line":13,"column":36},"end":{"line":13,"column":60}},"1":{"start":{"line":14,"column":34},"end":{"line":14,"column":53}},"2":{"start":{"line":15,"column":28},"end":{"line":15,"column":47}},"3":{"start":{"line":17,"column":2},"end":{"line":25,"column":9}},"4":{"start":{"line":18,"column":4},"end":{"line":24,"column":23}},"5":{"start":{"line":19,"column":26},"end":{"line":19,"column":41}},"6":{"start":{"line":21,"column":8},"end":{"line":21,"column":28}},"7":{"start":{"line":22,"column":8},"end":{"line":22,"column":31}},"8":{"start":{"line":27,"column":26},"end":{"line":42,"column":3}},"9":{"start":{"line":28,"column":14},"end":{"line":28,"column":15}},"10":{"start":{"line":29,"column":14},"end":{"line":29,"column":15}},"11":{"start":{"line":31,"column":4},"end":{"line":38,"column":7}},"12":{"start":{"line":32,"column":24},"end":{"line":32,"column":58}},"13":{"start":{"line":34,"column":8},"end":{"line":35,"column":21}},"14":{"start":{"line":36,"column":6},"end":{"line":36,"column":23}},"15":{"start":{"line":37,"column":6},"end":{"line":37,"column":33}},"16":{"start":{"line":40,"column":4},"end":{"line":40,"column":21}},"17":{"start":{"line":41,"column":4},"end":{"line":41,"column":18}},"18":{"start":{"line":44,"column":25},"end":{"line":51,"column":3}},"19":{"start":{"line":45,"column":4},"end":{"line":50,"column":28}},"20":{"start":{"line":53,"column":2},"end":{"line":112,"column":4}},"21":{"start":{"line":75,"column":14},"end":{"line":92,"column":19}}},"fnMap":{"0":{"name":"ProductsCheck","decl":{"start":{"line":12,"column":9},"end":{"line":12,"column":22}},"loc":{"start":{"line":12,"column":25},"end":{"line":113,"column":1}},"line":12},"1":{"name":"(anonymous_1)","decl":{"start":{"line":17,"column":12},"end":{"line":17,"column":13}},"loc":{"start":{"line":17,"column":18},"end":{"line":25,"column":3}},"line":17},"2":{"name":"(anonymous_2)","decl":{"start":{"line":19,"column":12},"end":{"line":19,"column":13}},"loc":{"start":{"line":19,"column":26},"end":{"line":19,"column":41}},"line":19},"3":{"name":"(anonymous_3)","decl":{"start":{"line":20,"column":12},"end":{"line":20,"column":13}},"loc":{"start":{"line":20,"column":23},"end":{"line":23,"column":7}},"line":20},"4":{"name":"(anonymous_4)","decl":{"start":{"line":24,"column":13},"end":{"line":24,"column":14}},"loc":{"start":{"line":24,"column":19},"end":{"line":24,"column":21}},"line":24},"5":{"name":"(anonymous_5)","decl":{"start":{"line":27,"column":26},"end":{"line":27,"column":27}},"loc":{"start":{"line":27,"column":49},"end":{"line":42,"column":3}},"line":27},"6":{"name":"(anonymous_6)","decl":{"start":{"line":31,"column":18},"end":{"line":31,"column":19}},"loc":{"start":{"line":31,"column":28},"end":{"line":38,"column":5}},"line":31},"7":{"name":"(anonymous_7)","decl":{"start":{"line":44,"column":25},"end":{"line":44,"column":26}},"loc":{"start":{"line":44,"column":44},"end":{"line":51,"column":3}},"line":44},"8":{"name":"(anonymous_8)","decl":{"start":{"line":74,"column":26},"end":{"line":74,"column":27}},"loc":{"start":{"line":75,"column":14},"end":{"line":92,"column":19}},"line":75}},"branchMap":{"0":{"loc":{"start":{"line":34,"column":9},"end":{"line":34,"column":77}},"type":"cond-expr","locations":[{"start":{"line":34,"column":36},"end":{"line":34,"column":56}},{"start":{"line":34,"column":59},"end":{"line":34,"column":77}}],"line":34},"1":{"loc":{"start":{"line":67,"column":11},"end":{"line":94,"column":11}},"type":"cond-expr","locations":[{"start":{"line":68,"column":12},"end":{"line":72,"column":17}},{"start":{"line":74,"column":12},"end":{"line":93,"column":14}}],"line":67},"2":{"loc":{"start":{"line":86,"column":23},"end":{"line":88,"column":44}},"type":"cond-expr","locations":[{"start":{"line":87,"column":26},"end":{"line":87,"column":46}},{"start":{"line":88,"column":26},"end":{"line":88,"column":44}}],"line":86}},"s":{"0":0,"1":0,"2":0,"3":0,"4":0,"5":0,"6":0,"7":0,"8":0,"9":0,"10":0,"11":0,"12":0,"13":0,"14":0,"15":0,"16":0,"17":0,"18":0,"19":0,"20":0,"21":0},"f":{"0":0,"1":0,"2":0,"3":0,"4":0,"5":0,"6":0,"7":0,"8":0},"b":{"0":[0,0],"1":[0,0],"2":[0,0]}}
,"C:\\Users\\Usuário\\Desktop\\Nova pasta (2)\\CompassUOL-Challenge3-Furniro\\src\\pages\\checkout\\TransferBank.tsx": {"path":"C:\\Users\\Usuário\\Desktop\\Nova pasta (2)\\CompassUOL-Challenge3-Furniro\\src\\pages\\checkout\\TransferBank.tsx","statementMap":{"0":{"start":{"line":4,"column":46},"end":{"line":4,"column":75}},"1":{"start":{"line":6,"column":29},"end":{"line":8,"column":8}},"2":{"start":{"line":7,"column":4},"end":{"line":7,"column":38}},"3":{"start":{"line":10,"column":35},"end":{"line":21,"column":3}},"4":{"start":{"line":11,"column":4},"end":{"line":20,"column":5}},"5":{"start":{"line":13,"column":8},"end":{"line":13,"column":194}},"6":{"start":{"line":15,"column":8},"end":{"line":15,"column":92}},"7":{"start":{"line":17,"column":8},"end":{"line":17,"column":132}},"8":{"start":{"line":19,"column":8},"end":{"line":19,"column":18}},"9":{"start":{"line":23,"column":2},"end":{"line":109,"column":4}}},"fnMap":{"0":{"name":"TransferBank","decl":{"start":{"line":3,"column":9},"end":{"line":3,"column":21}},"loc":{"start":{"line":3,"column":24},"end":{"line":110,"column":1}},"line":3},"1":{"name":"(anonymous_1)","decl":{"start":{"line":6,"column":41},"end":{"line":6,"column":42}},"loc":{"start":{"line":6,"column":79},"end":{"line":8,"column":3}},"line":6},"2":{"name":"(anonymous_2)","decl":{"start":{"line":10,"column":35},"end":{"line":10,"column":36}},"loc":{"start":{"line":10,"column":55},"end":{"line":21,"column":3}},"line":10}},"branchMap":{"0":{"loc":{"start":{"line":11,"column":4},"end":{"line":20,"column":5}},"type":"switch","locations":[{"start":{"line":12,"column":6},"end":{"line":13,"column":194}},{"start":{"line":14,"column":6},"end":{"line":15,"column":92}},{"start":{"line":16,"column":6},"end":{"line":17,"column":132}},{"start":{"line":18,"column":6},"end":{"line":19,"column":18}}],"line":11},"1":{"loc":{"start":{"line":37,"column":29},"end":{"line":37,"column":96}},"type":"cond-expr","locations":[{"start":{"line":37,"column":66},"end":{"line":37,"column":78}},{"start":{"line":37,"column":81},"end":{"line":37,"column":96}}],"line":37},"2":{"loc":{"start":{"line":41,"column":9},"end":{"line":48,"column":9}},"type":"binary-expr","locations":[{"start":{"line":41,"column":9},"end":{"line":41,"column":43}},{"start":{"line":42,"column":10},"end":{"line":47,"column":14}}],"line":41},"3":{"loc":{"start":{"line":63,"column":29},"end":{"line":63,"column":96}},"type":"cond-expr","locations":[{"start":{"line":63,"column":66},"end":{"line":63,"column":78}},{"start":{"line":63,"column":81},"end":{"line":63,"column":96}}],"line":63},"4":{"loc":{"start":{"line":67,"column":9},"end":{"line":74,"column":9}},"type":"binary-expr","locations":[{"start":{"line":67,"column":9},"end":{"line":67,"column":43}},{"start":{"line":68,
[...]
,"C:\\Users\\Usuário\\Desktop\\Nova pasta (2)\\CompassUOL-Challenge3-Furniro\\src\\pages\\singleProduct\\ProductDescription.tsx": {"path":"C:\\Users\\Usuário\\Desktop\\Nova pasta (2)\\CompassUOL-Challenge3-Furniro\\src\\pages\\singleProduct\\ProductDescription.tsx","statementMap":{"0":{"start":{"line":24,"column":34},"end":{"line":24,"column":45}},"1":{"start":{"line":25,"column":50},"end":{"line":25,"column":65}},"2":{"start":{"line":26,"column":56},"end":{"line":26,"column":68}},"3":{"start":{"line":28,"column":16},"end":{"line":32,"column":54}},"4":{"start":{"line":29,"column":4},"end":{"line":31,"column":30}},"5":{"start":{"line":34,"column":25},"end":{"line":41,"column":3}},"6":{"start":{"line":35,"column":4},"end":{"line":40,"column":28}},"7":{"start":{"line":43,"column":26},"end":{"line":87,"column":25}},"8":{"start":{"line":44,"column":4},"end":{"line":86,"column":9}},"9":{"start":{"line":45,"column":26},"end":{"line":45,"column":41}},"10":{"start":{"line":47,"column":29},"end":{"line":49,"column":9}},"11":{"start":{"line":48,"column":29},"end":{"line":48,"column":55}},"12":{"start":{"line":51,"column":8},"end":{"line":85,"column":9}},"13":{"start":{"line":52,"column":30},"end":{"line":55,"column":11}},"14":{"start":{"line":57,"column":10},"end":{"line":67,"column":13}},"15":{"start":{"line":64,"column":12},"end":{"line":64,"column":72}},"16":{"start":{"line":65,"column":12},"end":{"line":65,"column":38}},"17":{"start":{"line":66,"column":12},"end":{"line":66,"column":63}},"18":{"start":{"line":66,"column":29},"end":{"line":66,"column":55}},"19":{"start":{"line":69,"column":27},"end":{"line":72,"column":11}},"20":{"start":{"line":74,"column":10},"end":{"line":84,"column":13}},"21":{"start":{"line":81,"column":12},"end":{"line":81,"column":61}},"22":{"start":{"line":82,"column":12},"end":{"line":82,"column":38}},"23":{"start":{"line":83,"column":12},"end":{"line":83,"column":63}},"24":{"start":{"line":83,"column":29},"end":{"line":83,"column":55}},"25":{"start":{"line":89,"column":34},"end":{"line":91,"column":8}},"26":{"start":{"line":90,"column":4},"end":{"line":90,"column":31}},"27":{"start":{"line":93,"column":28},"end":{"line":95,"column":8}},"28":{"start":{"line":94,"column":4},"end":{"line":94,"column":23}},"29":{"start":{"line":97,"column":2},"end":{"line":238,"column":4}}},"fnMap":{"0":{"name":"ProductDescription","decl":{"start":{"line":23,"column":9},"end":{"line":23,"column":27}},"loc":{"start":{"line":23,"column":66},"end":{"line":239,"column":1}},"line":23},"1":{"name":"(anonymous_1)","decl":{"start":{"line":28,"column":24},"end":{"line":28,"column":25}},"loc":{"start":{"line":28,"column":30},"end":{"line":32,"column":3}},"line":28},"2":{"name":"(anonymous_2)","decl":{"start":{"line":34,"column":25},"end":{"line":34,"column":26}},"loc":{"start":{"line":34,"column":44},"end":{"line":41,"column":3}},"line":34},"3":{"name":"(anonymous_3)","decl":{"start":{"line":43,"column":38},"end":{"line":43,"column":39}},"loc":{"start":{"line":43,"column":44},"end":{"line":87,"column":3}},"line":43},"4":{"name":"(anonymous_4)","decl":{"start":{"line":45,"column":12},"end":{"line":45,"column":13}},"loc":{"start":{"line":45,"column":26},"end":{"line":45,"column":41}},"line":45},"5":{"name":"(anonymous_5)","decl":{"start":{"line":46,"column":12},"end":{"line":46,"column":13}},"loc":{"start":{"line":46,"column":27},"end":{"line":86,"column":7}},"line":46},"6":{"name":"(anonymous_6)","decl":{"start":{"line":48,"column":10},"end":{"line":48,"column":11}},"loc":{"start":{"line":48,"column":29},"end":{"line":48,"column":55}},"line":48},"7":{"name":"(anonymous_7)","decl":{"start":{"line":63,"column":18},"end":{"line":63,"column":19}},"loc":{"start":{"line":63,"column":24},"end":{"line":67,"column":11}},"line":63},"8":{"name":"(anonymous_8)","decl":{"start":{"line":66,"column":23},"end":{"line":66,"column":24}},"loc":{"start":{"line":66,"column":29},"end":{"line":66,"column":55}},"line":66},"9":{"name":"(anonymous_9)","decl":{"start":{"line":80,"column":18},"end":{"line":80,"column":19}},"loc":{"start":{"line":80,"column":24},"end":{"line":84,"column":11}},"line":80},"10":{"name":"(anonymous_10)","decl":{"start":{"line":83,"column":23},"end":{"line":83,"column":24}},"loc":{"start":{"line":83,"column":29},"end":{"line":83,"column":55}},"line":83},"11":{"name":"(anonymous_11)","decl":{"start":{"line":89,"column":46},"end":{"line":89,"column":47}},"loc":{"start":{"line":89,"column":52},"end":{"line":91,"column":3}},"line":89},"12":{"name":"(anonymous_12)","decl":{"start":{"line":93,"column":40},"end":{"line":93,"column":41}},"loc":{"start":{"line":93,"column":59},"end":{"line":95,"column":3}},"line":93}},"branchMap":{"0":{"loc":{"start":{"line":29,"column":11},"end":{"line":31,"column":29}},"type":"cond-expr","locations":[{"start":{"line":30,"column":8},"end":{"line":30,"column":31}},{"start":{"line":31,"column":8},"end":{"line":31,"column":29}}],"line":29},"1":{"loc":{"start":{"line":51,"column":8},"end":{"line":85,"column":9}},"type":"if","locations":[{"start":{"line":51,"column":8},"end":{"line":85,"column":9}},{"start":{"line":68,"column":15},"end":{"line":85,"column":9}}],"line":51},"2":{"loc":{"start":{"line":186,"column":13},"end":{"line":191,"column":13}},"type":"binary-expr","locations":[{"start":{"line":186,"column":13},"end":{"line":186,"column":29}},{"start":{"line":187,"column":14},"end":{"line":190,"column":16}}],"line":186}},"s":{"0":0,"1":0,"2":0,"3":0,"4":0,"5":0,"6":0,"7":0,"8":0,"9":0,"10":0,"11":0,"12":0,"13":0,"14":0,"15":0,"16":0,"17":0,"18":0,"19":0,"20":0,"21":0,"22":0,"23":0,"24":0,"25":0,"26":0,"27":0,"28":0,"29":0},"f":{"0":0,"1":0,"2":0,"3":0,"4":0,"5":0,"6":0,"7":0,"8":0,"9":0,"10":0,"11":0,"12":0},"b":{"0":[0,0],"1":[0,0],"2":[0,0]}}
,"C:\\Users\\Usuário\\Desktop\\Nova pasta (2)\\CompassUOL-Challenge3-Furniro\\src\\pages\\singleProduct\\SingleProducts.tsx": {"path":"C:\\Users\\Usuário\\Desktop\\Nova pasta (2)\\CompassUOL-Challenge3-Furniro\\src\\pages\\singleProduct\\SingleProducts.tsx","statementMap":{"0":{"start":{"line":22,"column":17},"end":{"line":22,"column":44}},"1":{"start":{"line":23,"column":19},"end":{"line":23,"column":77}},"2":{"start":{"line":23,"column":53},"end":{"line":23,"column":76}},"3":{"start":{"line":24,"column":32},"end":{"line":24,"column":62}},"4":{"start":{"line":25,"column":52},"end":{"line":25,"column":71}},"5":{"start":{"line":27,"column":2},"end":{"line":39,"column":21}},"6":{"start":{"line":28,"column":4},"end":{"line":38,"column":5}},"7":{"start":{"line":29,"column":24},"end":{"line":29,"column":34}},"8":{"start":{"line":30,"column":27},"end":{"line":32,"column":7}},"9":{"start":{"line":31,"column":21},"end":{"line":31,"column":53}},"10":{"start":{"line":33,"column":6},"end":{"line":37,"column":7}},"11":{"start":{"line":34,"column":8},"end":{"line":34,"column":33}},"12":{"start":{"line":36,"column":8},"end":{"line":36,"column":25}},"13":{"start":{"line":41,"column":25},"end":{"line":43,"column":8}},"14":{"start":{"line":42,"column":4},"end":{"line":42,"column":45}},"15":{"start":{"line":42,"column":35},"end":{"line":42,"column":43}},"16":{"start":{"line":45,"column":2},"end":{"line":47,"column":3}},"17":{"start":{"line":46,"column":4},"end":{"line":46,"column":36}},"18":{"start":{"line":49,"column":2},"end":{"line":51,"column":3}},"19":{"start":{"line":50,"column":4},"end":{"line":50,"column":45}},"20":{"start":{"line":53,"column":2},"end":{"line":79,"column":4}}},"fnMap":{"0":{"name":"SingleProducts","decl":{"start":{"line":21,"column":9},"end":{"line":21,"column":23}},"loc":{"start":{"line":21,"column":26},"end":{"line":80,"column":1}},"line":21},"1":{"name":"(anonymous_1)","decl":{"start":{"line":23,"column":31},"end":{"line":23,"column":32}},"loc":{"start":{"line":23,"column":53},"end":{"line":23,"column":76}},"line":23},"2":{"name":"(anonymous_2)","decl":{"start":{"line":27,"column":12},"end":{"line":27,"column":13}},"loc":{"start":{"line":27,"column":18},"end":{"line":39,"column":3}},"line":27},"3":{"name":"(anonymous_3)","decl":{"start":{"line":31,"column":8},"end":{"line":31,"column":9}},"loc":{"start":{"line":31,"column":21},"end":{"line":31,"column":53}},"line":31},"4":{"name":"(anonymous_4)","decl":{"start":{"line":41,"column":37},"end":{"line":41,"column":38}},"loc":{"start":{"line":41,"column":43},"end":{"line":43,"column":3}},"line":41},"5":{"name":"(anonymous_5)","decl":{"start":{"line":42,"column":25},"end":{"line":42,"column":26}},"loc":{"start":{"line":42,"column":35},"end":{"line":42,"column":43}},"line":42}},"branchMap":{"0":{"loc":{"start":{"line":28,"column":4},"end":{"line":38,"column":5}},"type":"if","locations":[{"start":{"line":28,"column":4},"end":{"line":38,"column":5}},{"start":{},"end":{}}],"line":28},"1":{"loc":{"start":{"line":28,"column":8},"end":{"line":28,"column":33}},"type":"binary-expr","locations":[{"start":{"line":28,"column":8},"end":{"line":28,"column":27}},{"start":{"line":28,"column":31},"end":{"line":28,"column":33}}],"line":28},"2":{"loc":{"start":{"line":33,"column":6},"end":{"line":37,"column":7}},"type":"if","locations":[{"start":{"line":33,"column":6},"end":{"line":37,"column":7}},{"start":{"line":35,"column":13},"end":{"line":37,"column":7}}],"line":33},"3":{"loc":{"start":{"line":45,"column":2},"end":{"line":47,"column":3}},"type":"if","locations":[{"start":{"line":45,"column":2},"end":{"line":47,"column":3}},{"start":{},"end":{}}],"line":45},"4":{"loc":{"start":{"line":49,"column":2},"end":{"line":51,"column":3}},"type":"if","locations":[{"start":{"line":49,"column":2},"end":{"line":51,"column":3}},{"start":{},"end":{}}],"line":49}},"s":{"0":0,"1":0,"2":0,"3":0,"4":0,"5":0,"6":0,"7":0,"8":0,"9":0,"10":0,"11":0,"12":0,"13":0,"14":0,"15":0,"16":0,"17":0,"18":0,"19":0,"20":0},"f":{"0":0,"1":0,"2":0,"3":0,"4":0,"5":0},"b":{"0":[0,0],"1":[0,0],"2":[0,0],"3":[0,0],"4":[0,0]}}
,"C:\\Users\\Usuário\\Desktop\\Nova pasta (2)\\CompassUOL-Challenge3-Furniro\\src\\redux\\actions.ts": {"path":"C:\\Users\\Usuário\\Desktop\\Nova pasta (2)\\CompassUOL-Challenge3-Furniro\\src\\redux\\actions.ts","statementMap":{"0":{"start":{"line":4,"column":29},"end":{"line":10,"column":1}},"1":{"start":{"line":4,"column":45},"end":{"line":10,"column":1}},"2":{"start":{"line":5,"column":2},"end":{"line":5,"column":29}},"3":{"start":{"line":6,"column":19},"end":{"line":6,"column":64}},"4":{"start":{"line":7,"column":26},"end":{"line":7,"column":47}},"5":{"start":{"line":8,"column":2},"end":{"line":8,"column":30}},"6":{"start":{"line":9,"column":2},"end":{"line":9,"column":30}}},"fnMap":{"0":{"name":"(anonymous_0)","decl":{"start":{"line":4,"column":29},"end":{"line":4,"column":30}},"loc":{"start":{"line":4,"column":45},"end":{"line":10,"column":1}},"line":4},"1":{"name":"(anonymous_1)","decl":{"start":{"line":4,"column":45},"end":{"line":4,"column":46}},"loc":{"start":{"line":4,"column":65},"end":{"line":10,"column":1}},"line":4}},"branchMap":{},"s":{"0":0,"1":0,"2":0,"3":0,"4":0,"5":0,"6":0},"f":{"0":0,"1":0},"b":{}}
,"C:\\Users\\Usuário\\Desktop\\Nova pasta (2)\\CompassUOL-Challenge3-Furniro\\src\\redux\\cartSlice.ts": {"path":"C:\\Users\\Usuário\\Desktop\\Nova pasta (2)\\CompassUOL-Challenge3-Furniro\\src\\redux\\cartSlice.ts","statementMap":{"0":{"start":{"line":18,"column":32},"end":{"line":20,"column":1}},"1":{"start":{"line":22,"column":18},"end":{"line":45,"column":2}},"2":{"start":{"line":27,"column":27},"end":{"line":29,"column":7}},"3":{"start":{"line":28,"column":18},"end":{"line":28,"column":47}},"4":{"start":{"line":30,"column":6},"end":{"line":34,"column":7}},"5":{"start":{"line":31,"column":8},"end":{"line":31,"column":57}},"6":{"start":{"line":33,"column":8},"end":{"line":33,"column":45}},"7":{"start":{"line":37,"column":6},"end":{"line":39,"column":8}},"8":{"start":{"line":38,"column":18},"end":{"line":38,"column":44}},"9":{"start":{"line":42,"column":6},"end":{"line":42,"column":39}},"10":{"start":{"line":48,"column":2},"end":{"line":48,"column":19}}},"fnMap":{"0":{"name":"(anonymous_0)","decl":{"start":{"line":26,"column":4},"end":{"line":26,"column":5}},"loc":{"start":{"line":26,"column":58},"end":{"line":35,"column":5}},"line":26},"1":{"name":"(anonymous_1)","decl":{"start":{"line":28,"column":8},"end":{"line":28,"column":9}},"loc":{"start":{"line":28,"column":18},"end":{"line":28,"column":47}},"line":28},"2":{"name":"(anonymous_2)","decl":{"start":{"line":36,"column":4},"end":{"line":36,"column":5}},"loc":{"start":{"line":36,"column":61},"end":{"line":40,"column":5}},"line":36},"3":{"name":"(anonymous_3)","decl":{"start":{"line":38,"column":8},"end":{"line":38,"column":9}},"loc":{"start":{"line":38,"column":18},"end":{"line":38,"column":44}},"line":38},"4":{"name":"(anonymous_4)","decl":{"start":{"line":41,"column":4},"end":{"line":41,"column":5}},"loc":{"start":{"line":41,"column":59},"end":{"line":43,"column":5}},"line":41}},"branchMap":{"0":{"loc":{"start":{"line":30,"column":6},"end":{"line":34,"column":7}},"type":"if","locations":[{"start":{"line":30,"column":6},"end":{"line":34,"column":7}},{"start":{"line":32,"column":13},"end":{"line":34,"column":7}}],"line":30}},"s":{"0":0,"1":0,"2":0,"3":0,"4":0,"5":0,"6":0,"7":0,"8":0,"9":0,"10":0},"f":{"0":0,"1":0,"2":0,"3":0,"4":0},"b":{"0":[0,0]}}
,"C:\\Users\\Usuário\\Desktop\\Nova pasta (2)\\CompassUOL-Challenge3-Furniro\\src\\redux\\hooks.ts": {"path":"C:\\Users\\Usuário\\Desktop\\Nova pasta (2)\\CompassUOL-Challenge3-Furniro\\src\\redux\\hooks.ts","statementMap":{"0":{"start":{"line":4,"column":30},"end":{"line":4,"column":62}},"1":{"start":{"line":4,"column":36},"end":{"line":4,"column":62}},"2":{"start":{"line":5,"column":63},"end":{"line":5,"column":74}}},"fnMap":{"0":{"name":"(anonymous_0)","decl":{"start":{"line":4,"column":30},"end":{"line":4,"column":31}},"loc":{"start":{"line":4,"column":36},"end":{"line":4,"column":62}},"line":4}},"branchMap":{},"s":{"0":0,"1":0,"2":0},"f":{"0":0},"b":{}}
,"C:\\Users\\Usuário\\Desktop\\Nova pasta (2)\\CompassUOL-Challenge3-Furniro\\src\\redux\\reducer.ts": {"path":"C:\\Users\\Usuário\\Desktop\\Nova pasta (2)\\CompassUOL-Challenge3-Furniro\\src\\redux\\reducer.ts","statementMap":{"0":{"start":{"line":10,"column":36},"end":{"line":14,"column":1}},"1":{"start":{"line":16,"column":22},"end":{"line":30,"column":2}},"2":{"start":{"line":21,"column":6},"end":{"line":21,"column":38}},"3":{"start":{"line":24,"column":6},"end":{"line":24,"column":37}},"4":{"start":{"line":27,"column":6},"end":{"line":27,"column":35}},"5":{"start":{"line":32,"column":53},"end":{"line":32,"column":74}}},"fnMap":{"0":{"name":"(anonymous_0)","decl":{"start":{"line":20,"column":4},"end":{"line":20,"column":5}},"loc":{"start":{"line":20,"column":57},"end":{"line":22,"column":5}},"line":20},"1":{"name":"(anonymous_1)","decl":{"start":{"line":23,"column":4},"end":{"line":23,"column":5}},"loc":{"start":{"line":23,"column":54},"end":{"line":25,"column":5}},"line":23},"2":{"name":"(anonymous_2)","decl":{"start":{"line":26,"column":4},"end":{"line":26,"column":5}},"loc":{"start":{"line":26,"column":58},"end":{"line":28,"column":5}},"line":26}},"branchMap":{},"s":{"0":0,"1":0,"2":0,"3":0,"4":0,"5":0},"f":{"0":0,"1":0,"2":0},"b":{}}
,"C:\\Users\\Usuário\\Desktop\\Nova pasta (2)\\CompassUOL-Challenge3-Furniro\\src\\redux\\store.ts": {"path":"C:\\Users\\Usuário\\Desktop\\Nova pasta (2)\\CompassUOL-Challenge3-Furniro\\src\\redux\\store.ts","statementMap":{"0":{"start":{"line":5,"column":14},"end":{"line":11,"column":2}},"1":{"start":{"line":10,"column":40},"end":{"line":10,"column":62}}},"fnMap":{"0":{"name":"(anonymous_0)","decl":{"start":{"line":10,"column":14},"end":{"line":10,"column":15}},"loc":{"start":{"line":10,"column":40},"end":{"line":10,"column":62}},"line":10}},"branchMap":{},"s":{"0":0,"1":0},"f":{"0":0},"b":{}}
,"C:\\Users\\Usuário\\Desktop\\Nova pasta (2)\\CompassUOL-Challenge3-Furniro\\src\\types\\types.ts": {"path":"C:\\Users\\Usuário\\Desktop\\Nova pasta (2)\\CompassUOL-Challenge3-Furniro\\src\\types\\types.ts","statementMap":{},"fnMap":{},"branchMap":{},"s":{},"f":{},"b":{}}
,"C:\\Users\\Usuário\\Desktop\\Nova pasta (2)\\CompassUOL-Challenge3-Furniro\\src\\utils\\localStorageUtils.ts": {"path":"C:\\Users\\Usuário\\Desktop\\Nova pasta (2)\\CompassUOL-Challenge3-Furniro\\src\\utils\\localStorageUtils.ts","statementMap":{"0":{"start":{"line":2,"column":2},"end":{"line":2,"column":50}},"1":{"start":{"line":6,"column":15},"end":{"line":6,"column":40}},"2":{"start":{"line":7,"column":2},"end":{"line":7,"column":40}},"3":{"start":{"line":11,"column":15},"end":{"line":11,"column":54}},"4":{"start":{"line":12,"column":24},"end":{"line":14,"column":3}},"5":{"start":{"line":13,"column":30},"end":{"line":13,"column":52}},"6":{"start":{"line":16,"column":2},"end":{"line":20,"column":3}},"7":{"start":{"line":17,"column":4},"end":{"line":17,"column":39}},"8":{"start":{"line":19,"column":4},"end":{"line":19,"column":40}},"9":{"start":{"line":22,"column":2},"end":{"line":22,"column":40}},"10":{"start":{"line":26,"column":2},"end":{"line":26,"column":31}}},"fnMap":{"0":{"name":"saveToLocalStorage","decl":{"start":{"line":1,"column":16},"end":{"line":1,"column":34}},"loc":{"start":{"line":1,"column":59},"end":{"line":3,"column":1}},"line":1},"1":{"name":"loadFromLocalStorage","decl":{"start":{"line":5,"column":16},"end":{"line":5,"column":36}},"loc":{"start":{"line":5,"column":50},"end":{"line":8,"column":1}},"line":5},"2":{"name":"addToCart","decl":{"start":{"line":10,"column":16},"end":{"line":10,"column":25}},"loc":{"start":{"line":10,"column":58},"end":{"line":23,"column":1}},"line":10},"3":{"name":"(anonymous_3)","decl":{"start":{"line":13,"column":4},"end":{"line":13,"column":5}},"loc":{"start":{"line":13,"column":30},"end":{"line":13,"column":52}},"line":13},"4":{"name":"clearCart","decl":{"start":{"line":25,"column":16},"end":{"line":25,"column":25}},"loc":{"start":{"line":25,"column":39},"end":{"line":27,"column":1}},"line":25}},"branchMap":{"0":{"loc":{"start":{"line":7,"column":9},"end":{"line":7,"column":39}},"type":"cond-expr","locations":[{"start":{"line":7,"column":16},"end":{"line":7,"column":32}},{"start":{"line":7,"column":35},"end":{"line":7,"column":39}}],"line":7},"1":{"loc":{"start":{"line":11,"column":15},"end":{"line":11,"column":54}},"type":"binary-expr","locations":[{"start":{"line":11,"column":15},"end":{"line":11,"column":48}},{"start":{"line":11,"column":52},"end":{"line":11,"column":54}}],"line":11},"2":{"loc":{"start":{"line":16,"column":2},"end":{"line":20,"column":3}},"type":"if","locations":[{"start":{"line":16,"column":2},"end":{"line":20,"column":3}},{"start":{"line":18,"column":9},"end":{"line":20,"column":3}}],"line":16}},"s":{"0":0,"1":0,"2":0,"3":0,"4":0,"5":0,"6":0,"7":0,"8":0,"9":0,"10":0},"f":{"0":0,"1":0,"2":0,"3":0,"4":0},"b":{"0":[0,0],"1":[0,0],"2":[0,0]}}
}
