TN:
SF:src\App.tsx
FN:8,(anonymous_0)
FN:9,(anonymous_1)
FN:10,(anonymous_2)
FN:11,(anonymous_3)
FN:12,(anonymous_4)
FN:14,(anonymous_5)
FN:16,(anonymous_6)
FN:18,App
FN:22,(anonymous_8)
FN:24,(anonymous_9)
FN:27,(anonymous_10)
FNF:11
FNH:0
FNDA:0,(anonymous_0)
FNDA:0,(anonymous_1)
FNDA:0,(anonymous_2)
FNDA:0,(anonymous_3)
FNDA:0,(anonymous_4)
FNDA:0,(anonymous_5)
FNDA:0,(anonymous_6)
FNDA:0,App
FNDA:0,(anonymous_8)
FNDA:0,(anonymous_9)
FNDA:0,(anonymous_10)
DA:8,0
DA:9,0
DA:10,0
DA:11,0
DA:12,0
DA:13,0
DA:14,0
DA:16,0
DA:19,0
DA:20,0
DA:22,0
DA:23,0
DA:24,0
DA:25,0
DA:27,0
DA:30,0
DA:31,0
DA:43,0
LF:18
LH:0
BRDA:30,0,0,0
BRDA:30,0,1,0
BRF:2
BRH:0
end_of_record
TN:
SF:src\main.tsx
FNF:0
FNH:0
DA:10,0
DA:12,0
DA:13,0
DA:16,0
LF:4
LH:0
BRDA:12,0,0,0
BRDA:12,0,1,0
BRF:2
BRH:0
end_of_record
TN:
SF:src\components\SectionQuality\SectionQuality.tsx
FN:1,SectionQuality
FNF:1
FNH:0
FNDA:0,SectionQuality
DA:3,0
DA:5,0
DA:7,0
DA:9,0
LF:4
LH:0
BRF:0
BRH:0
end_of_record
TN:
SF:src\components\apiAdress\AddressForm.tsx
FN:9,useAddress
FN:17,(anonymous_1)
FN:18,(anonymous_2)
FNF:3
FNH:0
FNDA:0,useAddress
FNDA:0,(anonymous_1)
FNDA:0,(anonymous_2)
DA:10,0
DA:15,0
DA:17,0
DA:18,0
DA:19,0
DA:20,0
DA:21,0
DA:24,0
DA:25,0
DA:26,0
DA:32,0
DA:39,0
DA:40,0
DA:46,0
DA:49,0
DA:50,0
DA:54,0
LF:17
LH:0
BRDA:25,0,0,0
BRDA:25,0,1,0
BRDA:49,1,0,0
BRDA:49,1,1,0
BRF:4
BRH:0
end_of_record
TN:
SF:src\components\buttons\AppButton.tsx
FN:13,AppButton
FNF:1
FNH:1
FNDA:10,AppButton
DA:22,10
DA:23,10
DA:25,10
DA:26,1
DA:33,9
DA:34,1
DA:41,8
LF:7
LH:7
BRDA:16,0,0,4
BRDA:19,1,0,0
BRDA:25,2,0,1
BRDA:25,2,1,9
BRDA:28,3,0,1
BRDA:28,3,1,0
BRDA:33,4,0,1
BRDA:33,4,1,8
BRDA:36,5,0,1
BRDA:36,5,1,0
BRDA:43,6,0,8
BRDA:43,6,1,7
BRF:12
BRH:9
end_of_record
TN:
SF:src\components\capePages\PagesCape.tsx
FN:4,CapePages
FNF:1
FNH:0
FNDA:0,CapePages
DA:5,0
LF:1
LH:0
BRF:0
BRH:0
end_of_record
TN:
SF:src\components\cards\ConfirmationMessage.tsx
FN:8,ConfirmationMessage
FN:9,(anonymous_1)
FN:11,(anonymous_2)
FNF:3
FNH:0
FNDA:0,ConfirmationMessage
FNDA:0,(anonymous_1)
FNDA:0,(anonymous_2)
DA:9,0
DA:10,0
DA:11,0
DA:14,0
LF:4
LH:0
BRF:0
BRH:0
end_of_record
TN:
SF:src\components\cards\ModalCard.tsx
FN:22,ModalCard
FN:26,(anonymous_1)
FN:29,(anonymous_2)
FN:30,(anonymous_3)
FN:32,(anonymous_4)
FN:54,(anonymous_5)
FN:58,(anonymous_6)
FN:63,(anonymous_7)
FN:67,(anonymous_8)
FN:68,(anonymous_9)
FN:78,(anonymous_10)
FNF:11
FNH:0
FNDA:0,ModalCard
FNDA:0,(anonymous_1)
FNDA:0,(anonymous_2)
FNDA:0,(anonymous_3)
FNDA:0,(anonymous_4)
FNDA:0,(anonymous_5)
FNDA:0,(anonymous_6)
FNDA:0,(anonymous_7)
FNDA:0,(anonymous_8)
FNDA:0,(anonymous_9)
FNDA:0,(anonymous_10)
DA:23,0
DA:24,0
DA:25,0
DA:26,0
DA:27,0
DA:29,0
DA:30,0
DA:31,0
DA:32,0
DA:35,0
DA:36,0
DA:37,0
DA:39,0
DA:44,0
DA:45,0
DA:46,0
DA:48,0
DA:58,0
DA:59,0
DA:60,0
DA:63,0
DA:64,0
DA:67,0
DA:68,0
DA:69,0
DA:73,0
DA:77,0
DA:78,0
DA:79,0
DA:83,0
DA:85,0
LF:31
LH:0
BRDA:35,0,0,0
BRDA:35,0,1,0
BRDA:35,1,0,0
BRDA:35,1,1,0
BRDA:69,2,0,0
BRDA:69,2,1,0
BRDA:70,3,0,0
BRDA:70,3,1,0
BRDA:83,4,0,0
BRDA:83,4,1,0
BRDA:137,5,0,0
BRDA:137,5,1,0
BRF:12
BRH:0
end_of_record
TN:
SF:src\components\cards\ProductCards.tsx
FN:17,ProductCard
FN:20,(anonymous_1)
FN:24,(anonymous_2)
FNF:3
FNH:0
FNDA:0,ProductCard
FNDA:0,(anonymous_1)
FNDA:0,(anonymous_2)
DA:18,0
DA:20,0
DA:21,0
DA:24,0
DA:25,0
DA:28,0
LF:6
LH:0
BRDA:32,0,0,0
BRDA:32,0,1,0
BRDA:37,1,0,0
BRDA:37,1,1,0
BRDA:46,2,0,0
BRDA:46,2,1,0
BRF:6
BRH:0
end_of_record
TN:
SF:src\components\cards\ProductList.tsx
FN:21,ProductList
FN:24,(anonymous_1)
FN:27,(anonymous_2)
FN:41,(anonymous_3)
FN:60,(anonymous_4)
FNF:5
FNH:0
FNDA:0,ProductList
FNDA:0,(anonymous_1)
FNDA:0,(anonymous_2)
FNDA:0,(anonymous_3)
FNDA:0,(anonymous_4)
DA:22,0
DA:24,0
DA:25,0
DA:27,0
DA:28,0
DA:29,0
DA:30,0
DA:31,0
DA:35,0
DA:36,0
DA:38,0
DA:41,0
DA:42,0
DA:46,0
DA:50,0
DA:51,0
DA:58,0
DA:61,0
LF:18
LH:0
BRDA:22,0,0,0
BRDA:22,0,1,0
BRDA:30,1,0,0
BRDA:30,1,1,0
BRDA:35,2,0,0
BRDA:35,2,1,0
BRDA:46,3,0,0
BRDA:46,3,1,0
BRDA:50,4,0,0
BRDA:50,4,1,0
BRDA:50,5,0,0
BRDA:50,5,1,0
BRDA:61,6,0,0
BRDA:61,6,1,0
BRDA:62,7,0,0
BRDA:62,7,1,0
BRF:16
BRH:0
end_of_record
TN:
SF:src\components\counter\CounterCards.tsx
FN:9,CounterCards
FN:18,(anonymous_1)
FN:25,(anonymous_2)
FN:26,(anonymous_3)
FN:38,(anonymous_4)
FN:39,(anonymous_5)
FN:52,(anonymous_6)
FNF:7
FNH:0
FNDA:0,CounterCards
FNDA:0,(anonymous_1)
FNDA:0,(anonymous_2)
FNDA:0,(anonymous_3)
FNDA:0,(anonymous_4)
FNDA:0,(anonymous_5)
FNDA:0,(anonymous_6)
DA:14,0
DA:15,0
DA:16,0
DA:18,0
DA:19,0
DA:20,0
DA:21,0
DA:25,0
DA:26,0
DA:27,0
DA:28,0
DA:29,0
DA:30,0
DA:32,0
DA:33,0
DA:38,0
DA:39,0
DA:40,0
DA:41,0
DA:42,0
DA:43,0
DA:45,0
DA:46,0
DA:51,0
DA:53,0
DA:54,0
DA:55,0
DA:56,0
DA:57,0
DA:58,0
DA:59,0
DA:60,0
DA:61,0
DA:67,0
LF:34
LH:0
BRDA:12,0,0,0
BRDA:19,1,0,0
BRDA:19,1,1,0
BRDA:28,2,0,0
BRDA:28,2,1,0
BRDA:41,3,0,0
BRDA:41,3,1,0
BRDA:54,4,0,0
BRDA:54,4,1,0
BRDA:54,5,0,0
BRDA:54,5,1,0
BRDA:54,5,2,0
BRDA:57,6,0,0
BRDA:57,6,1,0
BRDA:57,7,0,0
BRDA:57,7,1,0
BRDA:59,8,0,0
BRDA:59,8,1,0
BRDA:82,9,0,0
BRDA:82,9,1,0
BRF:20
BRH:0
end_of_record
TN:
SF:src\components\footer\Footer.tsx
FN:8,Footer
FN:20,(anonymous_1)
FN:24,(anonymous_2)
FN:35,(anonymous_3)
FNF:4
FNH:0
FNDA:0,Footer
FNDA:0,(anonymous_1)
FNDA:0,(anonymous_2)
FNDA:0,(anonymous_3)
DA:9,0
DA:10,0
DA:11,0
DA:14,0
DA:15,0
DA:16,0
DA:18,0
DA:20,0
DA:21,0
DA:24,0
DA:26,0
DA:27,0
DA:28,0
DA:29,0
DA:31,0
DA:35,0
DA:36,0
DA:39,0
LF:18
LH:0
BRDA:27,0,0,0
BRDA:27,0,1,0
BRDA:145,1,0,0
BRDA:145,1,1,0
BRDA:148,2,0,0
BRDA:148,2,1,0
BRDA:162,3,0,0
BRDA:162,3,1,0
BRF:8
BRH:0
end_of_record
TN:
SF:src\components\header\Header.tsx
FN:10,Header
FN:19,(anonymous_1)
FN:25,(anonymous_2)
FN:26,(anonymous_3)
FN:29,(anonymous_4)
FN:33,(anonymous_5)
FN:35,(anonymous_6)
FN:41,(anonymous_7)
FN:45,(anonymous_8)
FN:50,(anonymous_9)
FN:51,(anonymous_10)
FN:54,(anonymous_11)
FNF:12
FNH:0
FNDA:0,Header
FNDA:0,(anonymous_1)
FNDA:0,(anonymous_2)
FNDA:0,(anonymous_3)
FNDA:0,(anonymous_4)
FNDA:0,(anonymous_5)
FNDA:0,(anonymous_6)
FNDA:0,(anonymous_7)
FNDA:0,(anonymous_8)
FNDA:0,(anonymous_9)
FNDA:0,(anonymous_10)
FNDA:0,(anonymous_11)
DA:8,0
DA:11,0
DA:12,0
DA:13,0
DA:14,0
DA:15,0
DA:16,0
DA:17,0
DA:19,0
DA:20,0
DA:21,0
DA:25,0
DA:26,0
DA:29,0
DA:30,0
DA:33,0
DA:34,0
DA:35,0
DA:37,0
DA:41,0
DA:42,0
DA:45,0
DA:46,0
DA:47,0
DA:50,0
DA:51,0
DA:54,0
DA:55,0
DA:58,0
DA:61,0
DA:63,0
LF:31
LH:0
BRDA:20,0,0,0
BRDA:20,0,1,0
BRDA:20,1,0,0
BRDA:20,1,1,0
BRDA:34,2,0,0
BRDA:34,2,1,0
BRDA:58,3,0,0
BRDA:58,3,1,0
BRDA:85,4,0,0
BRDA:85,4,1,0
BRDA:85,5,0,0
BRDA:85,5,1,0
BRDA:89,6,0,0
BRDA:89,6,1,0
BRDA:109,7,0,0
BRDA:109,7,1,0
BRF:16
BRH:0
end_of_record
TN:
SF:src\components\header\ModalProductsHeader.tsx
FN:14,ModalProductsHeader
FN:15,(anonymous_1)
FN:19,(anonymous_2)
FN:21,(anonymous_3)
FN:28,(anonymous_4)
FN:30,(anonymous_5)
FN:31,(anonymous_6)
FN:35,(anonymous_7)
FN:39,(anonymous_8)
FN:43,(anonymous_9)
FN:45,(anonymous_10)
FN:48,(anonymous_11)
FN:54,(anonymous_12)
FN:54,(anonymous_13)
FN:60,(anonymous_14)
FN:93,(anonymous_15)
FNF:16
FNH:0
FNDA:0,ModalProductsHeader
FNDA:0,(anonymous_1)
FNDA:0,(anonymous_2)
FNDA:0,(anonymous_3)
FNDA:0,(anonymous_4)
FNDA:0,(anonymous_5)
FNDA:0,(anonymous_6)
FNDA:0,(anonymous_7)
FNDA:0,(anonymous_8)
FNDA:0,(anonymous_9)
FNDA:0,(anonymous_10)
FNDA:0,(anonymous_11)
FNDA:0,(anonymous_12)
FNDA:0,(anonymous_13)
FNDA:0,(anonymous_14)
FNDA:0,(anonymous_15)
DA:15,0
DA:16,0
DA:17,0
DA:19,0
DA:20,0
DA:22,0
DA:25,0
DA:28,0
DA:29,0
DA:30,0
DA:32,0
DA:33,0
DA:38,0
DA:40,0
DA:44,0
DA:45,0
DA:46,0
DA:53,0
DA:54,0
DA:55,0
DA:60,0
DA:61,0
DA:69,0
DA:94,0
LF:24
LH:0
BRDA:22,0,0,0
BRDA:22,0,1,0
BRDA:76,1,0,0
BRDA:76,1,1,0
BRDA:90,2,0,0
BRDA:90,2,1,0
BRDA:111,3,0,0
BRDA:111,3,1,0
BRF:8
BRH:0
end_of_record
TN:
SF:src\hooks\UseFetchProducts.tsx
FN:5,(anonymous_0)
FN:8,(anonymous_1)
FN:10,(anonymous_2)
FN:11,(anonymous_3)
FN:17,(anonymous_4)
FNF:5
FNH:0
FNDA:0,(anonymous_0)
FNDA:0,(anonymous_1)
FNDA:0,(anonymous_2)
FNDA:0,(anonymous_3)
FNDA:0,(anonymous_4)
DA:5,0
DA:6,0
DA:8,0
DA:9,0
DA:10,0
DA:12,0
DA:13,0
LF:7
LH:0
BRDA:12,0,0,0
BRDA:12,0,1,0
BRF:2
BRH:0
end_of_record
TN:
SF:src\pages\404Notfound\NotFound404.tsx
FN:1,NotFound404
FNF:1
FNH:0
FNDA:0,NotFound404
DA:2,0
LF:1
LH:0
BRF:0
BRH:0
end_of_record
TN:
SF:src\pages\cart\Cart.tsx
FN:20,Cart
FN:26,(anonymous_1)
FN:28,(anonymous_2)
FN:35,(anonymous_3)
FN:37,(anonymous_4)
FN:38,(anonymous_5)
FN:42,(anonymous_6)
FN:46,(anonymous_7)
FN:47,(anonymous_8)
FN:58,(anonymous_9)
FN:61,(anonymous_10)
FN:69,(anonymous_11)
FN:70,(anonymous_12)
FN:75,(anonymous_13)
FN:82,(anonymous_14)
FN:89,(anonymous_15)
FN:98,(anonymous_16)
FN:98,(anonymous_17)
FN:105,(anonymous_18)
FN:112,(anonymous_19)
FN:112,(anonymous_20)
FN:135,(anonymous_21)
FNF:22
FNH:0
FNDA:0,Cart
FNDA:0,(anonymous_1)
FNDA:0,(anonymous_2)
FNDA:0,(anonymous_3)
FNDA:0,(anonymous_4)
FNDA:0,(anonymous_5)
FNDA:0,(anonymous_6)
FNDA:0,(anonymous_7)
FNDA:0,(anonymous_8)
FNDA:0,(anonymous_9)
FNDA:0,(anonymous_10)
FNDA:0,(anonymous_11)
FNDA:0,(anonymous_12)
FNDA:0,(anonymous_13)
FNDA:0,(anonymous_14)
FNDA:0,(anonymous_15)
FNDA:0,(anonymous_16)
FNDA:0,(anonymous_17)
FNDA:0,(anonymous_18)
FNDA:0,(anonymous_19)
FNDA:0,(anonymous_20)
FNDA:0,(anonymous_21)
DA:21,0
DA:22,0
DA:23,0
DA:24,0
DA:26,0
DA:27,0
DA:29,0
DA:32,0
DA:35,0
DA:36,0
DA:37,0
DA:39,0
DA:40,0
DA:45,0
DA:47,0
DA:48,0
DA:50,0
DA:52,0
DA:58,0
DA:63,0
DA:68,0
DA:70,0
DA:71,0
DA:73,0
DA:77,0
DA:82,0
DA:83,0
DA:89,0
DA:90,0
DA:91,0
DA:93,0
DA:97,0
DA:98,0
DA:99,0
DA:104,0
DA:106,0
DA:111,0
DA:112,0
DA:113,0
DA:118,0
DA:136,0
LF:41
LH:0
BRDA:29,0,0,0
BRDA:29,0,1,0
BRDA:48,1,0,0
BRDA:48,1,1,0
BRDA:90,2,0,0
BRDA:90,2,1,0
BRDA:132,3,0,0
BRDA:132,3,1,0
BRDA:154,4,0,0
BRDA:154,4,1,0
BRDA:167,5,0,0
BRDA:167,5,1,0
BRF:12
BRH:0
end_of_record
TN:
SF:src\pages\checkout\CheckoutPage.tsx
FN:13,CheckoutPage
FN:16,(anonymous_1)
FNF:2
FNH:0
FNDA:0,CheckoutPage
FNDA:0,(anonymous_1)
DA:14,0
DA:16,0
DA:17,0
DA:18,0
DA:20,0
DA:23,0
LF:6
LH:0
BRDA:17,0,0,0
BRDA:17,0,1,0
BRF:2
BRH:0
end_of_record
TN:
SF:src\pages\checkout\FormsCheck.tsx
FN:25,FormsCheck
FN:39,(anonymous_1)
FN:41,(anonymous_2)
FN:61,(anonymous_3)
FN:62,(anonymous_4)
FN:99,(anonymous_5)
FN:101,(anonymous_6)
FNF:7
FNH:0
FNDA:0,FormsCheck
FNDA:0,(anonymous_1)
FNDA:0,(anonymous_2)
FNDA:0,(anonymous_3)
FNDA:0,(anonymous_4)
FNDA:0,(anonymous_5)
FNDA:0,(anonymous_6)
DA:26,0
DA:37,0
DA:39,0
DA:40,0
DA:41,0
DA:50,0
DA:61,0
DA:63,0
DA:73,0
DA:75,0
DA:77,0
DA:79,0
DA:80,0
DA:81,0
DA:84,0
DA:85,0
DA:86,0
DA:89,0
DA:90,0
DA:91,0
DA:94,0
DA:95,0
DA:99,0
DA:100,0
DA:101,0
DA:107,0
DA:108,0
DA:110,0
DA:112,0
LF:29
LH:0
BRDA:40,0,0,0
BRDA:40,0,1,0
BRDA:40,1,0,0
BRDA:40,1,1,0
BRDA:40,1,2,0
BRDA:40,1,3,0
BRDA:79,2,0,0
BRDA:79,2,1,0
BRDA:84,3,0,0
BRDA:84,3,1,0
BRDA:89,4,0,0
BRDA:89,4,1,0
BRDA:132,5,0,0
BRDA:132,5,1,0
BRDA:151,6,0,0
BRDA:151,6,1,0
BRDA:265,7,0,0
BRDA:265,7,1,0
BRF:18
BRH:0
end_of_record
TN:
SF:src\pages\checkout\PlaceOrderButton.tsx
FN:15,PlaceOrderButton
FN:21,(anonymous_1)
FN:23,(anonymous_2)
FN:24,(anonymous_3)
FN:27,(anonymous_4)
FN:33,(anonymous_5)
FN:35,(anonymous_6)
FN:36,(anonymous_7)
FN:38,(anonymous_8)
FN:48,(anonymous_9)
FNF:10
FNH:0
FNDA:0,PlaceOrderButton
FNDA:0,(anonymous_1)
FNDA:0,(anonymous_2)
FNDA:0,(anonymous_3)
FNDA:0,(anonymous_4)
FNDA:0,(anonymous_5)
FNDA:0,(anonymous_6)
FNDA:0,(anonymous_7)
FNDA:0,(anonymous_8)
FNDA:0,(anonymous_9)
DA:16,0
DA:17,0
DA:18,0
DA:19,0
DA:21,0
DA:22,0
DA:23,0
DA:24,0
DA:27,0
DA:28,0
DA:29,0
DA:33,0
DA:34,0
DA:35,0
DA:37,0
DA:38,0
DA:39,0
DA:43,0
DA:48,0
DA:49,0
DA:50,0
DA:51,0
DA:54,0
LF:23
LH:0
BRDA:28,0,0,0
BRDA:28,0,1,0
BRDA:37,1,0,0
BRDA:37,1,1,0
BRDA:63,2,0,0
BRDA:63,2,1,0
BRDA:91,3,0,0
BRDA:91,3,1,0
BRF:8
BRH:0
end_of_record
TN:
SF:src\pages\checkout\ProductsCheck.tsx
FN:12,ProductsCheck
FN:17,(anonymous_1)
FN:19,(anonymous_2)
FN:20,(anonymous_3)
FN:24,(anonymous_4)
FN:27,(anonymous_5)
FN:31,(anonymous_6)
FN:44,(anonymous_7)
FN:74,(anonymous_8)
FNF:9
FNH:0
FNDA:0,ProductsCheck
FNDA:0,(anonymous_1)
FNDA:0,(anonymous_2)
FNDA:0,(anonymous_3)
FNDA:0,(anonymous_4)
FNDA:0,(anonymous_5)
FNDA:0,(anonymous_6)
FNDA:0,(anonymous_7)
FNDA:0,(anonymous_8)
DA:13,0
DA:14,0
DA:15,0
DA:17,0
DA:18,0
DA:19,0
DA:21,0
DA:22,0
DA:27,0
DA:28,0
DA:29,0
DA:31,0
DA:32,0
DA:34,0
DA:36,0
DA:37,0
DA:40,0
DA:41,0
DA:44,0
DA:45,0
DA:53,0
DA:75,0
LF:22
LH:0
BRDA:34,0,0,0
BRDA:34,0,1,0
BRDA:67,1,0,0
BRDA:67,1,1,0
BRDA:86,2,0,0
BRDA:86,2,1,0
BRF:6
BRH:0
end_of_record
TN:
SF:src\pages\checkout\TransferBank.tsx
FN:3,TransferBank
FN:6,(anonymous_1)
FN:10,(anonymous_2)
FNF:3
FNH:0
FNDA:0,TransferBank
FNDA:0,(anonymous_1)
FNDA:0,(anonymous_2)
DA:4,0
DA:6,0
DA:7,0
DA:10,0
DA:11,0
DA:13,0
DA:15,0
DA:17,0
DA:19,0
DA:23,0
LF:10
LH:0
BRDA:11,0,0,0
BRDA:11,0,1,0
BRDA:11,0,2,0
BRDA:11,0,3,0
BRDA:37,1,0,0
BRDA:37,1,1,0
BRDA:41,2,0,0
BRDA:41,2,1,0
BRDA:63,3,0,0
BRDA:63,3,1,0
BRDA:67,4,0,0
BRDA:67,4,1,0
BRDA:89,5,0,0
BRDA:89,5,1,0
BRDA:93,6,0,0
BRDA:93,6,1,0
BRF:16
BRH:0
end_of_record
TN:
SF:src\pages\contact\Contact.tsx
FN:8,Contact
FN:22,(anonymous_1)
FN:24,(anonymous_2)
FN:32,(anonymous_3)
FN:57,(anonymous_4)
FN:66,(anonymous_5)
FNF:6
FNH:5
FNDA:6,Contact
FNDA:2,(anonymous_1)
FNDA:2,(anonymous_2)
FNDA:1,(anonymous_3)
FNDA:1,(anonymous_4)
FNDA:0,(anonymous_5)
DA:9,6
DA:15,6
DA:19,6
DA:21,6
DA:23,2
DA:24,2
DA:32,6
DA:33,1
DA:37,1
DA:39,1
DA:41,1
DA:42,1
DA:43,1
DA:44,1
DA:47,1
DA:48,1
DA:49,1
DA:52,1
DA:53,1
DA:56,6
DA:58,1
DA:59,1
DA:60,0
DA:66,6
DA:67,0
DA:70,6
DA:71,6
DA:73,6
DA:76,6
DA:77,6
DA:78,6
DA:80,6
LF:32
LH:30
BRDA:42,0,0,1
BRDA:42,0,1,0
BRDA:47,1,0,1
BRDA:47,1,1,0
BRDA:59,2,0,0
BRDA:59,2,1,1
BRDA:116,3,0,6
BRDA:116,3,1,1
BRDA:136,4,0,6
BRDA:136,4,1,1
BRDA:209,5,0,6
BRDA:209,5,1,0
BRF:12
BRH:8
end_of_record
TN:
SF:src\pages\homePage\BeautifullSec.tsx
FN:7,BeautifullSec
FN:18,(anonymous_1)
FN:19,(anonymous_2)
FN:22,(anonymous_3)
FN:27,(anonymous_4)
FN:34,(anonymous_5)
FN:126,(anonymous_6)
FNF:7
FNH:0
FNDA:0,BeautifullSec
FNDA:0,(anonymous_1)
FNDA:0,(anonymous_2)
FNDA:0,(anonymous_3)
FNDA:0,(anonymous_4)
FNDA:0,(anonymous_5)
FNDA:0,(anonymous_6)
DA:8,0
DA:9,0
DA:11,0
DA:18,0
DA:19,0
DA:22,0
DA:23,0
DA:24,0
DA:25,0
DA:27,0
DA:28,0
DA:29,0
DA:34,0
DA:35,0
DA:44,0
DA:127,0
LF:16
LH:0
BRDA:24,0,0,0
BRDA:24,0,1,0
BRDA:28,1,0,0
BRDA:28,1,1,0
BRF:4
BRH:0
end_of_record
TN:
SF:src\pages\homePage\BrowseSec.tsx
FN:4,BrowseSec
FNF:1
FNH:0
FNDA:0,BrowseSec
DA:5,0
DA:7,0
LF:2
LH:0
BRF:0
BRH:0
end_of_record
TN:
SF:src\pages\homePage\CapaSec.tsx
FN:3,CapaSec
FNF:1
FNH:0
FNDA:0,CapaSec
DA:4,0
LF:1
LH:0
BRF:0
BRH:0
end_of_record
TN:
SF:src\pages\homePage\FurnitureSec.tsx
FN:3,FurnitureSec
FNF:1
FNH:0
FNDA:0,FurnitureSec
DA:4,0
LF:1
LH:0
BRF:0
BRH:0
end_of_record
TN:
SF:src\pages\homePage\GridForniture.tsx
FN:1,GridForniture
FNF:1
FNH:0
FNDA:0,GridForniture
DA:2,0
LF:1
LH:0
BRF:0
BRH:0
end_of_record
TN:
SF:src\pages\homePage\HomePage.tsx
FN:7,HomePage
FNF:1
FNH:0
FNDA:0,HomePage
DA:8,0
LF:1
LH:0
BRF:0
BRH:0
end_of_record
TN:
SF:src\pages\homePage\ProductsHomeSec.tsx
FN:5,ProductHomePage
FN:8,(anonymous_1)
FN:9,(anonymous_2)
FN:17,(anonymous_3)
FNF:4
FNH:0
FNDA:0,ProductHomePage
FNDA:0,(anonymous_1)
FNDA:0,(anonymous_2)
FNDA:0,(anonymous_3)
DA:6,0
DA:8,0
DA:9,0
DA:12,0
DA:18,0
LF:5
LH:0
BRF:0
BRH:0
end_of_record
TN:
SF:src\pages\shop\FilterModal.tsx
FN:18,FilterModal
FN:21,(anonymous_1)
FN:25,(anonymous_2)
FN:38,(anonymous_3)
FNF:4
FNH:0
FNDA:0,FilterModal
FNDA:0,(anonymous_1)
FNDA:0,(anonymous_2)
FNDA:0,(anonymous_3)
DA:19,0
DA:21,0
DA:22,0
DA:25,0
DA:26,0
DA:27,0
DA:35,0
DA:38,0
DA:39,0
DA:40,0
DA:43,0
DA:48,0
DA:53,0
DA:58,0
DA:60,0
DA:141,0
LF:16
LH:0
BRDA:58,0,0,0
BRDA:58,0,1,0
BRF:2
BRH:0
end_of_record
TN:
SF:src\pages\shop\ShopPage.tsx
FN:24,ShopPage
FN:41,(anonymous_1)
FN:46,(anonymous_2)
FN:50,(anonymous_3)
FN:53,(anonymous_4)
FN:59,(anonymous_5)
FN:64,(anonymous_6)
FN:69,(anonymous_7)
FN:78,(anonymous_8)
FN:82,(anonymous_9)
FN:86,(anonymous_10)
FN:87,updateDisplayedProducts
FN:104,(anonymous_12)
FN:110,(anonymous_13)
FN:117,(anonymous_14)
FN:117,(anonymous_15)
FN:123,(anonymous_16)
FN:127,(anonymous_17)
FN:131,(anonymous_18)
FN:190,(anonymous_19)
FNF:20
FNH:0
FNDA:0,ShopPage
FNDA:0,(anonymous_1)
FNDA:0,(anonymous_2)
FNDA:0,(anonymous_3)
FNDA:0,(anonymous_4)
FNDA:0,(anonymous_5)
FNDA:0,(anonymous_6)
FNDA:0,(anonymous_7)
FNDA:0,(anonymous_8)
FNDA:0,(anonymous_9)
FNDA:0,(anonymous_10)
FNDA:0,updateDisplayedProducts
FNDA:0,(anonymous_12)
FNDA:0,(anonymous_13)
FNDA:0,(anonymous_14)
FNDA:0,(anonymous_15)
FNDA:0,(anonymous_16)
FNDA:0,(anonymous_17)
FNDA:0,(anonymous_18)
FNDA:0,(anonymous_19)
DA:25,0
DA:26,0
DA:28,0
DA:29,0
DA:30,0
DA:37,0
DA:39,0
DA:40,0
DA:41,0
DA:43,0
DA:45,0
DA:47,0
DA:49,0
DA:50,0
DA:52,0
DA:53,0
DA:54,0
DA:57,0
DA:58,0
DA:59,0
DA:62,0
DA:63,0
DA:64,0
DA:67,0
DA:68,0
DA:69,0
DA:73,0
DA:78,0
DA:79,0
DA:82,0
DA:83,0
DA:86,0
DA:88,0
DA:89,0
DA:90,0
DA:91,0
DA:94,0
DA:95,0
DA:100,0
DA:103,0
DA:105,0
DA:106,0
DA:107,0
DA:108,0
DA:109,0
DA:110,0
DA:111,0
DA:116,0
DA:117,0
DA:118,0
DA:123,0
DA:124,0
DA:127,0
DA:128,0
DA:131,0
DA:132,0
DA:135,0
DA:191,0
LF:58
LH:0
BRDA:49,0,0,0
BRDA:49,0,1,0
BRDA:52,1,0,0
BRDA:52,1,1,0
BRDA:57,2,0,0
BRDA:57,2,1,0
BRDA:62,3,0,0
BRDA:62,3,1,0
BRDA:67,4,0,0
BRDA:67,4,1,0
BRDA:94,5,0,0
BRDA:94,5,1,0
BRDA:106,6,0,0
BRDA:106,6,1,0
BRDA:107,7,0,0
BRDA:107,7,1,0
BRDA:154,8,0,0
BRDA:154,8,1,0
BRDA:195,9,0,0
BRDA:195,9,1,0
BRDA:200,10,0,0
BRDA:200,10,1,0
BRDA:200,10,2,0
BRDA:200,10,3,0
BRF:24
BRH:0
end_of_record
TN:
SF:src\pages\singleProduct\DescriptionArticle.tsx
FN:3,DescriptionArticle
FN:9,(anonymous_1)
FN:14,(anonymous_2)
FNF:3
FNH:0
FNDA:0,DescriptionArticle
FNDA:0,(anonymous_1)
FNDA:0,(anonymous_2)
DA:4,0
DA:7,0
DA:9,0
DA:10,0
DA:11,0
DA:14,0
DA:15,0
DA:16,0
DA:19,0
DA:21,0
LF:10
LH:0
BRDA:25,0,0,0
BRDA:25,0,1,0
BRDA:32,1,0,0
BRDA:32,1,1,0
BRDA:40,2,0,0
BRDA:40,2,1,0
BRDA:82,3,0,0
BRDA:82,3,1,0
BRDA:89,4,0,0
BRDA:89,4,1,0
BRF:10
BRH:0
end_of_record
TN:
SF:src\pages\singleProduct\ProductDescription.tsx
FN:23,ProductDescription
FN:28,(anonymous_1)
FN:34,(anonymous_2)
FN:43,(anonymous_3)
FN:45,(anonymous_4)
FN:46,(anonymous_5)
FN:48,(anonymous_6)
FN:63,(anonymous_7)
FN:66,(anonymous_8)
FN:80,(anonymous_9)
FN:83,(anonymous_10)
FN:89,(anonymous_11)
FN:93,(anonymous_12)
FNF:13
FNH:0
FNDA:0,ProductDescription
FNDA:0,(anonymous_1)
FNDA:0,(anonymous_2)
FNDA:0,(anonymous_3)
FNDA:0,(anonymous_4)
FNDA:0,(anonymous_5)
FNDA:0,(anonymous_6)
FNDA:0,(anonymous_7)
FNDA:0,(anonymous_8)
FNDA:0,(anonymous_9)
FNDA:0,(anonymous_10)
FNDA:0,(anonymous_11)
FNDA:0,(anonymous_12)
DA:24,0
DA:25,0
DA:26,0
DA:28,0
DA:29,0
DA:34,0
DA:35,0
DA:43,0
DA:44,0
DA:45,0
DA:47,0
DA:48,0
DA:51,0
DA:52,0
DA:57,0
DA:64,0
DA:65,0
DA:66,0
DA:69,0
DA:74,0
DA:81,0
DA:82,0
DA:83,0
DA:89,0
DA:90,0
DA:93,0
DA:94,0
DA:97,0
LF:28
LH:0
BRDA:29,0,0,0
BRDA:29,0,1,0
BRDA:51,1,0,0
BRDA:51,1,1,0
BRDA:186,2,0,0
BRDA:186,2,1,0
BRF:6
BRH:0
end_of_record
TN:
SF:src\pages\singleProduct\SingleProducts.tsx
FN:21,SingleProducts
FN:23,(anonymous_1)
FN:27,(anonymous_2)
FN:31,(anonymous_3)
FN:41,(anonymous_4)
FN:42,(anonymous_5)
FNF:6
FNH:0
FNDA:0,SingleProducts
FNDA:0,(anonymous_1)
FNDA:0,(anonymous_2)
FNDA:0,(anonymous_3)
FNDA:0,(anonymous_4)
FNDA:0,(anonymous_5)
DA:22,0
DA:23,0
DA:24,0
DA:25,0
DA:27,0
DA:28,0
DA:29,0
DA:30,0
DA:31,0
DA:33,0
DA:34,0
DA:36,0
DA:41,0
DA:42,0
DA:45,0
DA:46,0
DA:49,0
DA:50,0
DA:53,0
LF:19
LH:0
BRDA:28,0,0,0
BRDA:28,0,1,0
BRDA:28,1,0,0
BRDA:28,1,1,0
BRDA:33,2,0,0
BRDA:33,2,1,0
BRDA:45,3,0,0
BRDA:45,3,1,0
BRDA:49,4,0,0
BRDA:49,4,1,0
BRF:10
BRH:0
end_of_record
TN:
SF:src\redux\actions.ts
FN:4,(anonymous_0)
FN:4,(anonymous_1)
FNF:2
FNH:0
FNDA:0,(anonymous_0)
FNDA:0,(anonymous_1)
DA:4,0
DA:5,0
DA:6,0
DA:7,0
DA:8,0
DA:9,0
LF:6
LH:0
BRF:0
BRH:0
end_of_record
TN:
SF:src\redux\cartSlice.ts
FN:26,(anonymous_0)
FN:28,(anonymous_1)
FN:36,(anonymous_2)
FN:38,(anonymous_3)
FN:41,(anonymous_4)
FNF:5
FNH:0
FNDA:0,(anonymous_0)
FNDA:0,(anonymous_1)
FNDA:0,(anonymous_2)
FNDA:0,(anonymous_3)
FNDA:0,(anonymous_4)
DA:18,0
DA:22,0
DA:27,0
DA:28,0
DA:30,0
DA:31,0
DA:33,0
DA:37,0
DA:38,0
DA:42,0
DA:48,0
LF:11
LH:0
BRDA:30,0,0,0
BRDA:30,0,1,0
BRF:2
BRH:0
end_of_record
TN:
SF:src\redux\hooks.ts
FN:4,(anonymous_0)
FNF:1
FNH:0
FNDA:0,(anonymous_0)
DA:4,0
DA:5,0
LF:2
LH:0
BRF:0
BRH:0
end_of_record
TN:
SF:src\redux\reducer.ts
FN:20,(anonymous_0)
FN:23,(anonymous_1)
FN:26,(anonymous_2)
FNF:3
FNH:0
FNDA:0,(anonymous_0)
FNDA:0,(anonymous_1)
FNDA:0,(anonymous_2)
DA:10,0
DA:16,0
DA:21,0
DA:24,0
DA:27,0
DA:32,0
LF:6
LH:0
BRF:0
BRH:0
end_of_record
TN:
SF:src\redux\store.ts
FN:10,(anonymous_0)
FNF:1
FNH:0
FNDA:0,(anonymous_0)
DA:5,0
DA:10,0
LF:2
LH:0
BRF:0
BRH:0
end_of_record
TN:
SF:src\types\types.ts
FNF:0
FNH:0
LF:0
LH:0
BRF:0
BRH:0
end_of_record
TN:
SF:src\utils\localStorageUtils.ts
FN:1,saveToLocalStorage
FN:5,loadFromLocalStorage
FN:10,addToCart
FN:13,(anonymous_3)
FN:25,clearCart
FNF:5
FNH:0
FNDA:0,saveToLocalStorage
FNDA:0,loadFromLocalStorage
FNDA:0,addToCart
FNDA:0,(anonymous_3)
FNDA:0,clearCart
DA:2,0
DA:6,0
DA:7,0
DA:11,0
DA:12,0
DA:13,0
DA:16,0
DA:17,0
DA:19,0
DA:22,0
DA:26,0
LF:11
LH:0
BRDA:7,0,0,0
BRDA:7,0,1,0
BRDA:11,1,0,0
BRDA:11,1,1,0
BRDA:16,2,0,0
BRDA:16,2,1,0
BRF:6
BRH:0
end_of_record
